{"/Users/prasad.kavuri/portfolio-website/chatbot.js": {"path":"/Users/prasad.kavuri/portfolio-website/chatbot.js","statementMap":{"0":{"start":{"line":3,"column":8},"end":{"line":3,"column":64}},"1":{"start":{"line":4,"column":8},"end":{"line":4,"column":73}},"2":{"start":{"line":5,"column":8},"end":{"line":5,"column":61}},"3":{"start":{"line":6,"column":8},"end":{"line":6,"column":68}},"4":{"start":{"line":7,"column":8},"end":{"line":7,"column":62}},"5":{"start":{"line":8,"column":8},"end":{"line":8,"column":58}},"6":{"start":{"line":9,"column":8},"end":{"line":9,"column":74}},"7":{"start":{"line":11,"column":8},"end":{"line":11,"column":28}},"8":{"start":{"line":12,"column":8},"end":{"line":12,"column":30}},"9":{"start":{"line":15,"column":8},"end":{"line":86,"column":10}},"10":{"start":{"line":88,"column":8},"end":{"line":88,"column":20}},"11":{"start":{"line":92,"column":8},"end":{"line":95,"column":9}},"12":{"start":{"line":93,"column":12},"end":{"line":93,"column":96}},"13":{"start":{"line":94,"column":12},"end":{"line":94,"column":19}},"14":{"start":{"line":97,"column":8},"end":{"line":97,"column":75}},"15":{"start":{"line":97,"column":56},"end":{"line":97,"column":73}},"16":{"start":{"line":98,"column":8},"end":{"line":98,"column":72}},"17":{"start":{"line":98,"column":54},"end":{"line":98,"column":70}},"18":{"start":{"line":99,"column":8},"end":{"line":99,"column":73}},"19":{"start":{"line":99,"column":53},"end":{"line":99,"column":71}},"20":{"start":{"line":101,"column":8},"end":{"line":106,"column":11}},"21":{"start":{"line":102,"column":12},"end":{"line":105,"column":13}},"22":{"start":{"line":103,"column":16},"end":{"line":103,"column":35}},"23":{"start":{"line":104,"column":16},"end":{"line":104,"column":35}},"24":{"start":{"line":108,"column":8},"end":{"line":111,"column":11}},"25":{"start":{"line":109,"column":12},"end":{"line":109,"column":30}},"26":{"start":{"line":110,"column":12},"end":{"line":110,"column":65}},"27":{"start":{"line":114,"column":8},"end":{"line":114,"column":26}},"28":{"start":{"line":118,"column":8},"end":{"line":118,"column":45}},"29":{"start":{"line":119,"column":8},"end":{"line":119,"column":88}},"30":{"start":{"line":123,"column":8},"end":{"line":127,"column":9}},"31":{"start":{"line":124,"column":12},"end":{"line":124,"column":29}},"32":{"start":{"line":126,"column":12},"end":{"line":126,"column":28}},"33":{"start":{"line":131,"column":8},"end":{"line":131,"column":27}},"34":{"start":{"line":132,"column":8},"end":{"line":132,"column":49}},"35":{"start":{"line":133,"column":8},"end":{"line":133,"column":48}},"36":{"start":{"line":134,"column":8},"end":{"line":134,"column":54}},"37":{"start":{"line":134,"column":25},"end":{"line":134,"column":47}},"38":{"start":{"line":138,"column":8},"end":{"line":138,"column":28}},"39":{"start":{"line":139,"column":8},"end":{"line":139,"column":52}},"40":{"start":{"line":140,"column":8},"end":{"line":140,"column":51}},"41":{"start":{"line":144,"column":24},"end":{"line":144,"column":51}},"42":{"start":{"line":145,"column":8},"end":{"line":145,"column":46}},"43":{"start":{"line":145,"column":39},"end":{"line":145,"column":46}},"44":{"start":{"line":147,"column":8},"end":{"line":147,"column":41}},"45":{"start":{"line":148,"column":8},"end":{"line":148,"column":34}},"46":{"start":{"line":149,"column":8},"end":{"line":149,"column":26}},"47":{"start":{"line":150,"column":8},"end":{"line":150,"column":37}},"48":{"start":{"line":152,"column":8},"end":{"line":152,"column":26}},"49":{"start":{"line":155,"column":8},"end":{"line":159,"column":39}},"50":{"start":{"line":156,"column":29},"end":{"line":156,"column":59}},"51":{"start":{"line":157,"column":12},"end":{"line":157,"column":30}},"52":{"start":{"line":158,"column":12},"end":{"line":158,"column":48}},"53":{"start":{"line":163,"column":27},"end":{"line":163,"column":56}},"54":{"start":{"line":164,"column":8},"end":{"line":164,"column":51}},"55":{"start":{"line":165,"column":8},"end":{"line":165,"column":38}},"56":{"start":{"line":167,"column":8},"end":{"line":167,"column":50}},"57":{"start":{"line":168,"column":8},"end":{"line":168,"column":30}},"58":{"start":{"line":172,"column":8},"end":{"line":172,"column":29}},"59":{"start":{"line":173,"column":8},"end":{"line":173,"column":53}},"60":{"start":{"line":174,"column":8},"end":{"line":174,"column":30}},"61":{"start":{"line":178,"column":8},"end":{"line":178,"column":30}},"62":{"start":{"line":179,"column":8},"end":{"line":179,"column":52}},"63":{"start":{"line":183,"column":8},"end":{"line":183,"column":69}},"64":{"start":{"line":187,"column":29},"end":{"line":187,"column":50}},"65":{"start":{"line":190,"column":8},"end":{"line":201,"column":9}},"66":{"start":{"line":191,"column":12},"end":{"line":200,"column":82}},"67":{"start":{"line":204,"column":8},"end":{"line":220,"column":9}},"68":{"start":{"line":205,"column":12},"end":{"line":219,"column":97}},"69":{"start":{"line":223,"column":8},"end":{"line":233,"column":9}},"70":{"start":{"line":224,"column":12},"end":{"line":232,"column":149}},"71":{"start":{"line":236,"column":8},"end":{"line":258,"column":9}},"72":{"start":{"line":237,"column":12},"end":{"line":257,"column":161}},"73":{"start":{"line":261,"column":8},"end":{"line":284,"column":9}},"74":{"start":{"line":262,"column":12},"end":{"line":283,"column":98}},"75":{"start":{"line":287,"column":8},"end":{"line":302,"column":9}},"76":{"start":{"line":288,"column":12},"end":{"line":301,"column":74}},"77":{"start":{"line":305,"column":8},"end":{"line":316,"column":9}},"78":{"start":{"line":306,"column":12},"end":{"line":315,"column":42}},"79":{"start":{"line":319,"column":26},"end":{"line":323,"column":9}},"80":{"start":{"line":325,"column":8},"end":{"line":325,"column":71}},"81":{"start":{"line":332,"column":22},"end":{"line":332,"column":58}},"82":{"start":{"line":333,"column":20},"end":{"line":333,"column":54}},"83":{"start":{"line":334,"column":4},"end":{"line":338,"column":5}},"84":{"start":{"line":335,"column":8},"end":{"line":335,"column":34}},"85":{"start":{"line":336,"column":8},"end":{"line":336,"column":52}},"86":{"start":{"line":337,"column":8},"end":{"line":337,"column":24}},"87":{"start":{"line":343,"column":0},"end":{"line":345,"column":1}},"88":{"start":{"line":344,"column":4},"end":{"line":344,"column":47}},"89":{"start":{"line":348,"column":0},"end":{"line":350,"column":1}},"90":{"start":{"line":349,"column":4},"end":{"line":349,"column":42}},"91":{"start":{"line":354,"column":0},"end":{"line":356,"column":3}},"92":{"start":{"line":355,"column":4},"end":{"line":355,"column":49}}},"fnMap":{"0":{"name":"(anonymous_0)","decl":{"start":{"line":2,"column":4},"end":{"line":2,"column":5}},"loc":{"start":{"line":2,"column":18},"end":{"line":89,"column":5}},"line":2},"1":{"name":"(anonymous_1)","decl":{"start":{"line":91,"column":4},"end":{"line":91,"column":5}},"loc":{"start":{"line":91,"column":11},"end":{"line":115,"column":5}},"line":91},"2":{"name":"(anonymous_2)","decl":{"start":{"line":97,"column":50},"end":{"line":97,"column":51}},"loc":{"start":{"line":97,"column":56},"end":{"line":97,"column":73}},"line":97},"3":{"name":"(anonymous_3)","decl":{"start":{"line":98,"column":48},"end":{"line":98,"column":49}},"loc":{"start":{"line":98,"column":54},"end":{"line":98,"column":70}},"line":98},"4":{"name":"(anonymous_4)","decl":{"start":{"line":99,"column":47},"end":{"line":99,"column":48}},"loc":{"start":{"line":99,"column":53},"end":{"line":99,"column":71}},"line":99},"5":{"name":"(anonymous_5)","decl":{"start":{"line":101,"column":52},"end":{"line":101,"column":53}},"loc":{"start":{"line":101,"column":59},"end":{"line":106,"column":9}},"line":101},"6":{"name":"(anonymous_6)","decl":{"start":{"line":108,"column":49},"end":{"line":108,"column":50}},"loc":{"start":{"line":108,"column":55},"end":{"line":111,"column":9}},"line":108},"7":{"name":"(anonymous_7)","decl":{"start":{"line":117,"column":4},"end":{"line":117,"column":5}},"loc":{"start":{"line":117,"column":17},"end":{"line":120,"column":5}},"line":117},"8":{"name":"(anonymous_8)","decl":{"start":{"line":122,"column":4},"end":{"line":122,"column":5}},"loc":{"start":{"line":122,"column":17},"end":{"line":128,"column":5}},"line":122},"9":{"name":"(anonymous_9)","decl":{"start":{"line":130,"column":4},"end":{"line":130,"column":5}},"loc":{"start":{"line":130,"column":15},"end":{"line":135,"column":5}},"line":130},"10":{"name":"(anonymous_10)","decl":{"start":{"line":134,"column":19},"end":{"line":134,"column":20}},"loc":{"start":{"line":134,"column":25},"end":{"line":134,"column":47}},"line":134},"11":{"name":"(anonymous_11)","decl":{"start":{"line":137,"column":4},"end":{"line":137,"column":5}},"loc":{"start":{"line":137,"column":16},"end":{"line":141,"column":5}},"line":137},"12":{"name":"(anonymous_12)","decl":{"start":{"line":143,"column":4},"end":{"line":143,"column":5}},"loc":{"start":{"line":143,"column":24},"end":{"line":160,"column":5}},"line":143},"13":{"name":"(anonymous_13)","decl":{"start":{"line":155,"column":19},"end":{"line":155,"column":20}},"loc":{"start":{"line":155,"column":25},"end":{"line":159,"column":9}},"line":155},"14":{"name":"(anonymous_14)","decl":{"start":{"line":162,"column":4},"end":{"line":162,"column":5}},"loc":{"start":{"line":162,"column":29},"end":{"line":169,"column":5}},"line":162},"15":{"name":"(anonymous_15)","decl":{"start":{"line":171,"column":4},"end":{"line":171,"column":5}},"loc":{"start":{"line":171,"column":17},"end":{"line":175,"column":5}},"line":171},"16":{"name":"(anonymous_16)","decl":{"start":{"line":177,"column":4},"end":{"line":177,"column":5}},"loc":{"start":{"line":177,"column":17},"end":{"line":180,"column":5}},"line":177},"17":{"name":"(anonymous_17)","decl":{"start":{"line":182,"column":4},"end":{"line":182,"column":5}},"loc":{"start":{"line":182,"column":21},"end":{"line":184,"column":5}},"line":182},"18":{"name":"(anonymous_18)","decl":{"start":{"line":186,"column":4},"end":{"line":186,"column":5}},"loc":{"start":{"line":186,"column":30},"end":{"line":326,"column":5}},"line":186},"19":{"name":"sendQuickMessage","decl":{"start":{"line":331,"column":9},"end":{"line":331,"column":25}},"loc":{"start":{"line":331,"column":35},"end":{"line":339,"column":1}},"line":331},"20":{"name":"(anonymous_20)","decl":{"start":{"line":354,"column":46},"end":{"line":354,"column":47}},"loc":{"start":{"line":354,"column":52},"end":{"line":356,"column":1}},"line":354}},"branchMap":{"0":{"loc":{"start":{"line":92,"column":8},"end":{"line":95,"column":9}},"type":"if","locations":[{"start":{"line":92,"column":8},"end":{"line":95,"column":9}},{"start":{},"end":{}}],"line":92},"1":{"loc":{"start":{"line":102,"column":12},"end":{"line":105,"column":13}},"type":"if","locations":[{"start":{"line":102,"column":12},"end":{"line":105,"column":13}},{"start":{},"end":{}}],"line":102},"2":{"loc":{"start":{"line":102,"column":16},"end":{"line":102,"column":48}},"type":"binary-expr","locations":[{"start":{"line":102,"column":16},"end":{"line":102,"column":33}},{"start":{"line":102,"column":37},"end":{"line":102,"column":48}}],"line":102},"3":{"loc":{"start":{"line":123,"column":8},"end":{"line":127,"column":9}},"type":"if","locations":[{"start":{"line":123,"column":8},"end":{"line":127,"column":9}},{"start":{"line":125,"column":15},"end":{"line":127,"column":9}}],"line":123},"4":{"loc":{"start":{"line":145,"column":8},"end":{"line":145,"column":46}},"type":"if","locations":[{"start":{"line":145,"column":8},"end":{"line":145,"column":46}},{"start":{},"end":{}}],"line":145},"5":{"loc":{"start":{"line":145,"column":12},"end":{"line":145,"column":37}},"type":"binary-expr","locations":[{"start":{"line":145,"column":12},"end":{"line":145,"column":20}},{"start":{"line":145,"column":24},"end":{"line":145,"column":37}}],"line":145},"6":{"loc":{"start":{"line":190,"column":8},"end":{"line":201,"column":9}},"type":"if","locations":[{"start":{"line":190,"column":8},"end":{"line":201,"column":9}},{"start":{},"end":{}}],"line":190},"7":{"loc":{"start":{"line":190,"column":12},"end":{"line":190,"column":114}},"type":"binary-expr","locations":[{"start":{"line":190,"column":12},"end":{"line":190,"column":42}},{"start":{"line":190,"column":46},"end":{"line":190,"column":78}},{"start":{"line":190,"column":82},"end":{"line":190,"column":114}}],"line":190},"8":{"loc":{"start":{"line":204,"column":8},"end":{"line":220,"column":9}},"type":"if","locations":[{"start":{"line":204,"column":8},"end":{"line":220,"column":9}},{"start":{},"end":{}}],"line":204},"9":{"loc":{"start":{"line":204,"column":12},"end":{"line":204,"column":105}},"type":"binary-expr","locations":[{"start":{"line":204,"column":12},"end":{"line":204,"column":40}},{"start":{"line":204,"column":44},"end":{"line":204,"column":73}},{"start":{"line":204,"column":77},"end":{"line":204,"column":105}}],"line":204},"10":{"loc":{"start":{"line":223,"column":8},"end":{"line":233,"column":9}},"type":"if","locations":[{"start":{"line":223,"column":8},"end":{"line":233,"column":9}},{"start":{},"end":{}}],"line":223},"11":{"loc":{"start":{"line":223,"column":12},"end":{"line":223,"column":111}},"type":"binary-expr","locations":[{"start":{"line":223,"column":12},"end":{"line":223,"column":41}},{"start":{"line":223,"column":45},"end":{"line":223,"column":80}},{"start":{"line":223,"column":84},"end":{"line":223,"column":111}}],"line":223},"12":{"loc":{"start":{"line":236,"column":8},"end":{"line":258,"column":9}},"type":"if","locations":[{"start":{"line":236,"column":8},"end":{"line":258,"column":9}},{"start":{},"end":{}}],"line":236},"13":{"loc":{"start":{"line":236,"column":12},"end":{"line":236,"column":150}},"type":"binary-expr","locations":[{"start":{"line":236,"column":12},"end":{"line":236,"column":39}},{"start":{"line":236,"column":43},"end":{"line":236,"column":77}},{"start":{"line":236,"column":81},"end":{"line":236,"column":115}},{"start":{"line":236,"column":119},"end":{"line":236,"column":150}}],"line":236},"14":{"loc":{"start":{"line":261,"column":8},"end":{"line":284,"column":9}},"type":"if","locations":[{"start":{"line":261,"column":8},"end":{"line":284,"column":9}},{"start":{},"end":{}}],"line":261},"15":{"loc":{"start":{"line":261,"column":12},"end":{"line":261,"column":123}},"type":"binary-expr","locations":[{"start":{"line":261,"column":12},"end":{"line":261,"column":47}},{"start":{"line":261,"column":51},"end":{"line":261,"column":87}},{"start":{"line":261,"column":91},"end":{"line":261,"column":123}}],"line":261},"16":{"loc":{"start":{"line":287,"column":8},"end":{"line":302,"column":9}},"type":"if","locations":[{"start":{"line":287,"column":8},"end":{"line":302,"column":9}},{"start":{},"end":{}}],"line":287},"17":{"loc":{"start":{"line":287,"column":12},"end":{"line":287,"column":114}},"type":"binary-expr","locations":[{"start":{"line":287,"column":12},"end":{"line":287,"column":44}},{"start":{"line":287,"column":48},"end":{"line":287,"column":78}},{"start":{"line":287,"column":82},"end":{"line":287,"column":114}}],"line":287},"18":{"loc":{"start":{"line":305,"column":8},"end":{"line":316,"column":9}},"type":"if","locations":[{"start":{"line":305,"column":8},"end":{"line":316,"column":9}},{"start":{},"end":{}}],"line":305},"19":{"loc":{"start":{"line":305,"column":12},"end":{"line":305,"column":105}},"type":"binary-expr","locations":[{"start":{"line":305,"column":12},"end":{"line":305,"column":42}},{"start":{"line":305,"column":46},"end":{"line":305,"column":73}},{"start":{"line":305,"column":77},"end":{"line":305,"column":105}}],"line":305},"20":{"loc":{"start":{"line":334,"column":4},"end":{"line":338,"column":5}},"type":"if","locations":[{"start":{"line":334,"column":4},"end":{"line":338,"column":5}},{"start":{},"end":{}}],"line":334},"21":{"loc":{"start":{"line":334,"column":8},"end":{"line":334,"column":28}},"type":"binary-expr","locations":[{"start":{"line":334,"column":8},"end":{"line":334,"column":17}},{"start":{"line":334,"column":21},"end":{"line":334,"column":28}}],"line":334},"22":{"loc":{"start":{"line":343,"column":0},"end":{"line":345,"column":1}},"type":"if","locations":[{"start":{"line":343,"column":0},"end":{"line":345,"column":1}},{"start":{},"end":{}}],"line":343},"23":{"loc":{"start":{"line":348,"column":0},"end":{"line":350,"column":1}},"type":"if","locations":[{"start":{"line":348,"column":0},"end":{"line":350,"column":1}},{"start":{},"end":{}}],"line":348},"24":{"loc":{"start":{"line":348,"column":4},"end":{"line":348,"column":51}},"type":"binary-expr","locations":[{"start":{"line":348,"column":4},"end":{"line":348,"column":33}},{"start":{"line":348,"column":37},"end":{"line":348,"column":51}}],"line":348}},"s":{"0":0,"1":0,"2":0,"3":0,"4":0,"5":0,"6":0,"7":0,"8":0,"9":0,"10":0,"11":0,"12":0,"13":0,"14":0,"15":0,"16":0,"17":0,"18":0,"19":0,"20":0,"21":0,"22":0,"23":0,"24":0,"25":0,"26":0,"27":0,"28":0,"29":0,"30":0,"31":0,"32":0,"33":0,"34":0,"35":0,"36":0,"37":0,"38":0,"39":0,"40":0,"41":0,"42":0,"43":0,"44":0,"45":0,"46":0,"47":0,"48":0,"49":0,"50":0,"51":0,"52":0,"53":0,"54":0,"55":0,"56":0,"57":0,"58":0,"59":0,"60":0,"61":0,"62":0,"63":0,"64":0,"65":0,"66":0,"67":0,"68":0,"69":0,"70":0,"71":0,"72":0,"73":0,"74":0,"75":0,"76":0,"77":0,"78":0,"79":0,"80":0,"81":0,"82":0,"83":0,"84":0,"85":0,"86":0,"87":0,"88":0,"89":0,"90":0,"91":0,"92":0},"f":{"0":0,"1":0,"2":0,"3":0,"4":0,"5":0,"6":0,"7":0,"8":0,"9":0,"10":0,"11":0,"12":0,"13":0,"14":0,"15":0,"16":0,"17":0,"18":0,"19":0,"20":0},"b":{"0":[0,0],"1":[0,0],"2":[0,0],"3":[0,0],"4":[0,0],"5":[0,0],"6":[0,0],"7":[0,0,0],"8":[0,0],"9":[0,0,0],"10":[0,0],"11":[0,0,0],"12":[0,0],"13":[0,0,0,0],"14":[0,0],"15":[0,0,0],"16":[0,0],"17":[0,0,0],"18":[0,0],"19":[0,0,0],"20":[0,0],"21":[0,0],"22":[0,0],"23":[0,0],"24":[0,0]}}
,"/Users/prasad.kavuri/portfolio-website/e2e.spec.js": {"path":"/Users/prasad.kavuri/portfolio-website/e2e.spec.js","statementMap":{"0":{"start":{"line":6,"column":25},"end":{"line":6,"column":52}},"1":{"start":{"line":9,"column":0},"end":{"line":245,"column":3}},"2":{"start":{"line":10,"column":4},"end":{"line":14,"column":7}},"3":{"start":{"line":12,"column":8},"end":{"line":12,"column":46}},"4":{"start":{"line":13,"column":8},"end":{"line":13,"column":51}},"5":{"start":{"line":16,"column":4},"end":{"line":24,"column":7}},"6":{"start":{"line":18,"column":8},"end":{"line":18,"column":55}},"7":{"start":{"line":21,"column":8},"end":{"line":21,"column":64}},"8":{"start":{"line":22,"column":8},"end":{"line":22,"column":64}},"9":{"start":{"line":23,"column":8},"end":{"line":23,"column":61}},"10":{"start":{"line":26,"column":4},"end":{"line":34,"column":7}},"11":{"start":{"line":28,"column":25},"end":{"line":28,"column":69}},"12":{"start":{"line":29,"column":8},"end":{"line":29,"column":45}},"13":{"start":{"line":32,"column":24},"end":{"line":32,"column":56}},"14":{"start":{"line":33,"column":8},"end":{"line":33,"column":60}},"15":{"start":{"line":36,"column":4},"end":{"line":44,"column":7}},"16":{"start":{"line":37,"column":27},"end":{"line":37,"column":54}},"17":{"start":{"line":40,"column":8},"end":{"line":40,"column":61}},"18":{"start":{"line":43,"column":8},"end":{"line":43,"column":76}},"19":{"start":{"line":46,"column":4},"end":{"line":54,"column":7}},"20":{"start":{"line":48,"column":27},"end":{"line":48,"column":63}},"21":{"start":{"line":49,"column":8},"end":{"line":49,"column":33}},"22":{"start":{"line":52,"column":27},"end":{"line":52,"column":54}},"23":{"start":{"line":53,"column":8},"end":{"line":53,"column":49}},"24":{"start":{"line":56,"column":4},"end":{"line":79,"column":7}},"25":{"start":{"line":58,"column":8},"end":{"line":58,"column":61}},"26":{"start":{"line":61,"column":8},"end":{"line":61,"column":50}},"27":{"start":{"line":64,"column":8},"end":{"line":64,"column":39}},"28":{"start":{"line":67,"column":27},"end":{"line":67,"column":54}},"29":{"start":{"line":68,"column":8},"end":{"line":68,"column":61}},"30":{"start":{"line":71,"column":8},"end":{"line":74,"column":10}},"31":{"start":{"line":72,"column":18},"end":{"line":72,"column":65}},"32":{"start":{"line":77,"column":23},"end":{"line":77,"column":54}},"33":{"start":{"line":78,"column":8},"end":{"line":78,"column":44}},"34":{"start":{"line":81,"column":4},"end":{"line":96,"column":7}},"35":{"start":{"line":83,"column":8},"end":{"line":83,"column":61}},"36":{"start":{"line":84,"column":8},"end":{"line":84,"column":50}},"37":{"start":{"line":87,"column":8},"end":{"line":87,"column":40}},"38":{"start":{"line":90,"column":25},"end":{"line":90,"column":74}},"39":{"start":{"line":91,"column":8},"end":{"line":91,"column":31}},"40":{"start":{"line":94,"column":32},"end":{"line":94,"column":63}},"41":{"start":{"line":95,"column":8},"end":{"line":95,"column":50}},"42":{"start":{"line":98,"column":4},"end":{"line":109,"column":7}},"43":{"start":{"line":100,"column":8},"end":{"line":100,"column":51}},"44":{"start":{"line":103,"column":8},"end":{"line":103,"column":50}},"45":{"start":{"line":106,"column":29},"end":{"line":106,"column":58}},"46":{"start":{"line":107,"column":8},"end":{"line":107,"column":49}},"47":{"start":{"line":108,"column":8},"end":{"line":108,"column":73}},"48":{"start":{"line":111,"column":4},"end":{"line":129,"column":7}},"49":{"start":{"line":113,"column":8},"end":{"line":113,"column":61}},"50":{"start":{"line":114,"column":8},"end":{"line":114,"column":50}},"51":{"start":{"line":117,"column":8},"end":{"line":120,"column":10}},"52":{"start":{"line":118,"column":18},"end":{"line":118,"column":65}},"53":{"start":{"line":123,"column":29},"end":{"line":123,"column":58}},"54":{"start":{"line":124,"column":8},"end":{"line":124,"column":49}},"55":{"start":{"line":127,"column":26},"end":{"line":127,"column":52}},"56":{"start":{"line":128,"column":8},"end":{"line":128,"column":55}},"57":{"start":{"line":131,"column":4},"end":{"line":149,"column":7}},"58":{"start":{"line":133,"column":8},"end":{"line":133,"column":61}},"59":{"start":{"line":134,"column":8},"end":{"line":134,"column":50}},"60":{"start":{"line":137,"column":8},"end":{"line":140,"column":10}},"61":{"start":{"line":138,"column":18},"end":{"line":138,"column":65}},"62":{"start":{"line":143,"column":26},"end":{"line":143,"column":61}},"63":{"start":{"line":144,"column":8},"end":{"line":144,"column":46}},"64":{"start":{"line":147,"column":25},"end":{"line":147,"column":50}},"65":{"start":{"line":148,"column":8},"end":{"line":148,"column":46}},"66":{"start":{"line":151,"column":4},"end":{"line":162,"column":7}},"67":{"start":{"line":153,"column":8},"end":{"line":153,"column":61}},"68":{"start":{"line":156,"column":8},"end":{"line":156,"column":57}},"69":{"start":{"line":159,"column":8},"end":{"line":159,"column":39}},"70":{"start":{"line":160,"column":27},"end":{"line":160,"column":54}},"71":{"start":{"line":161,"column":8},"end":{"line":161,"column":48}},"72":{"start":{"line":164,"column":4},"end":{"line":175,"column":7}},"73":{"start":{"line":166,"column":8},"end":{"line":166,"column":64}},"74":{"start":{"line":169,"column":28},"end":{"line":169,"column":57}},"75":{"start":{"line":170,"column":8},"end":{"line":170,"column":48}},"76":{"start":{"line":173,"column":23},"end":{"line":173,"column":47}},"77":{"start":{"line":174,"column":8},"end":{"line":174,"column":43}},"78":{"start":{"line":177,"column":4},"end":{"line":200,"column":7}},"79":{"start":{"line":179,"column":8},"end":{"line":179,"column":62}},"80":{"start":{"line":180,"column":8},"end":{"line":180,"column":50}},"81":{"start":{"line":181,"column":8},"end":{"line":184,"column":10}},"82":{"start":{"line":182,"column":18},"end":{"line":182,"column":65}},"83":{"start":{"line":187,"column":8},"end":{"line":187,"column":72}},"84":{"start":{"line":190,"column":8},"end":{"line":190,"column":63}},"85":{"start":{"line":191,"column":8},"end":{"line":191,"column":50}},"86":{"start":{"line":192,"column":8},"end":{"line":195,"column":10}},"87":{"start":{"line":193,"column":18},"end":{"line":193,"column":65}},"88":{"start":{"line":198,"column":23},"end":{"line":198,"column":54}},"89":{"start":{"line":199,"column":8},"end":{"line":199,"column":44}},"90":{"start":{"line":202,"column":4},"end":{"line":210,"column":7}},"91":{"start":{"line":204,"column":24},"end":{"line":204,"column":48}},"92":{"start":{"line":205,"column":8},"end":{"line":205,"column":45}},"93":{"start":{"line":208,"column":8},"end":{"line":208,"column":94}},"94":{"start":{"line":209,"column":8},"end":{"line":209,"column":99}},"95":{"start":{"line":212,"column":4},"end":{"line":227,"column":7}},"96":{"start":{"line":214,"column":8},"end":{"line":214,"column":61}},"97":{"start":{"line":215,"column":8},"end":{"line":215,"column":50}},"98":{"start":{"line":218,"column":27},"end":{"line":218,"column":66}},"99":{"start":{"line":219,"column":8},"end":{"line":219,"column":47}},"100":{"start":{"line":222,"column":29},"end":{"line":225,"column":10}},"101":{"start":{"line":223,"column":27},"end":{"line":223,"column":54}},"102":{"start":{"line":224,"column":12},"end":{"line":224,"column":47}},"103":{"start":{"line":226,"column":8},"end":{"line":226,"column":42}},"104":{"start":{"line":229,"column":4},"end":{"line":244,"column":7}},"105":{"start":{"line":231,"column":8},"end":{"line":231,"column":61}},"106":{"start":{"line":232,"column":8},"end":{"line":232,"column":50}},"107":{"start":{"line":235,"column":8},"end":{"line":238,"column":10}},"108":{"start":{"line":236,"column":18},"end":{"line":236,"column":65}},"109":{"start":{"line":241,"column":31},"end":{"line":241,"column":62}},"110":{"start":{"line":242,"column":8},"end":{"line":242,"column":51}},"111":{"start":{"line":243,"column":8},"end":{"line":243,"column":85}},"112":{"start":{"line":247,"column":0},"end":{"line":276,"column":3}},"113":{"start":{"line":248,"column":4},"end":{"line":256,"column":7}},"114":{"start":{"line":249,"column":26},"end":{"line":249,"column":36}},"115":{"start":{"line":250,"column":8},"end":{"line":250,"column":46}},"116":{"start":{"line":251,"column":8},"end":{"line":251,"column":51}},"117":{"start":{"line":252,"column":25},"end":{"line":252,"column":47}},"118":{"start":{"line":255,"column":8},"end":{"line":255,"column":44}},"119":{"start":{"line":258,"column":4},"end":{"line":275,"column":7}},"120":{"start":{"line":259,"column":8},"end":{"line":259,"column":46}},"121":{"start":{"line":262,"column":8},"end":{"line":262,"column":61}},"122":{"start":{"line":264,"column":26},"end":{"line":264,"column":36}},"123":{"start":{"line":265,"column":8},"end":{"line":265,"column":50}},"124":{"start":{"line":267,"column":8},"end":{"line":270,"column":10}},"125":{"start":{"line":268,"column":18},"end":{"line":268,"column":65}},"126":{"start":{"line":271,"column":31},"end":{"line":271,"column":53}},"127":{"start":{"line":274,"column":8},"end":{"line":274,"column":50}},"128":{"start":{"line":278,"column":0},"end":{"line":301,"column":3}},"129":{"start":{"line":279,"column":4},"end":{"line":288,"column":7}},"130":{"start":{"line":280,"column":8},"end":{"line":280,"column":46}},"131":{"start":{"line":283,"column":8},"end":{"line":283,"column":41}},"132":{"start":{"line":286,"column":31},"end":{"line":286,"column":88}},"133":{"start":{"line":286,"column":57},"end":{"line":286,"column":87}},"134":{"start":{"line":287,"column":8},"end":{"line":287,"column":44}},"135":{"start":{"line":290,"column":4},"end":{"line":300,"column":7}},"136":{"start":{"line":291,"column":8},"end":{"line":291,"column":46}},"137":{"start":{"line":294,"column":27},"end":{"line":294,"column":54}},"138":{"start":{"line":295,"column":22},"end":{"line":298,"column":10}},"139":{"start":{"line":296,"column":33},"end":{"line":296,"column":80}},"140":{"start":{"line":297,"column":12},"end":{"line":297,"column":66}},"141":{"start":{"line":299,"column":8},"end":{"line":299,"column":35}}},"fnMap":{"0":{"name":"(anonymous_0)","decl":{"start":{"line":9,"column":40},"end":{"line":9,"column":41}},"loc":{"start":{"line":9,"column":46},"end":{"line":245,"column":1}},"line":9},"1":{"name":"(anonymous_1)","decl":{"start":{"line":10,"column":20},"end":{"line":10,"column":21}},"loc":{"start":{"line":10,"column":40},"end":{"line":14,"column":5}},"line":10},"2":{"name":"(anonymous_2)","decl":{"start":{"line":16,"column":36},"end":{"line":16,"column":37}},"loc":{"start":{"line":16,"column":56},"end":{"line":24,"column":5}},"line":16},"3":{"name":"(anonymous_3)","decl":{"start":{"line":26,"column":44},"end":{"line":26,"column":45}},"loc":{"start":{"line":26,"column":64},"end":{"line":34,"column":5}},"line":26},"4":{"name":"(anonymous_4)","decl":{"start":{"line":36,"column":37},"end":{"line":36,"column":38}},"loc":{"start":{"line":36,"column":57},"end":{"line":44,"column":5}},"line":36},"5":{"name":"(anonymous_5)","decl":{"start":{"line":46,"column":39},"end":{"line":46,"column":40}},"loc":{"start":{"line":46,"column":59},"end":{"line":54,"column":5}},"line":46},"6":{"name":"(anonymous_6)","decl":{"start":{"line":56,"column":45},"end":{"line":56,"column":46}},"loc":{"start":{"line":56,"column":65},"end":{"line":79,"column":5}},"line":56},"7":{"name":"(anonymous_7)","decl":{"start":{"line":72,"column":12},"end":{"line":72,"column":13}},"loc":{"start":{"line":72,"column":18},"end":{"line":72,"column":65}},"line":72},"8":{"name":"(anonymous_8)","decl":{"start":{"line":81,"column":40},"end":{"line":81,"column":41}},"loc":{"start":{"line":81,"column":60},"end":{"line":96,"column":5}},"line":81},"9":{"name":"(anonymous_9)","decl":{"start":{"line":98,"column":43},"end":{"line":98,"column":44}},"loc":{"start":{"line":98,"column":63},"end":{"line":109,"column":5}},"line":98},"10":{"name":"(anonymous_10)","decl":{"start":{"line":111,"column":49},"end":{"line":111,"column":50}},"loc":{"start":{"line":111,"column":69},"end":{"line":129,"column":5}},"line":111},"11":{"name":"(anonymous_11)","decl":{"start":{"line":118,"column":12},"end":{"line":118,"column":13}},"loc":{"start":{"line":118,"column":18},"end":{"line":118,"column":65}},"line":118},"12":{"name":"(anonymous_12)","decl":{"start":{"line":131,"column":50},"end":{"line":131,"column":51}},"loc":{"start":{"line":131,"column":70},"end":{"line":149,"column":5}},"line":131},"13":{"name":"(anonymous_13)","decl":{"start":{"line":138,"column":12},"end":{"line":138,"column":13}},"loc":{"start":{"line":138,"column":18},"end":{"line":138,"column":65}},"line":138},"14":{"name":"(anonymous_14)","decl":{"start":{"line":151,"column":36},"end":{"line":151,"column":37}},"loc":{"start":{"line":151,"column":56},"end":{"line":162,"column":5}},"line":151},"15":{"name":"(anonymous_15)","decl":{"start":{"line":164,"column":46},"end":{"line":164,"column":47}},"loc":{"start":{"line":164,"column":66},"end":{"line":175,"column":5}},"line":164},"16":{"name":"(anonymous_16)","decl":{"start":{"line":177,"column":53},"end":{"line":177,"column":54}},"loc":{"start":{"line":177,"column":73},"end":{"line":200,"column":5}},"line":177},"17":{"name":"(anonymous_17)","decl":{"start":{"line":182,"column":12},"end":{"line":182,"column":13}},"loc":{"start":{"line":182,"column":18},"end":{"line":182,"column":65}},"line":182},"18":{"name":"(anonymous_18)","decl":{"start":{"line":193,"column":12},"end":{"line":193,"column":13}},"loc":{"start":{"line":193,"column":18},"end":{"line":193,"column":65}},"line":193},"19":{"name":"(anonymous_19)","decl":{"start":{"line":202,"column":47},"end":{"line":202,"column":48}},"loc":{"start":{"line":202,"column":67},"end":{"line":210,"column":5}},"line":202},"20":{"name":"(anonymous_20)","decl":{"start":{"line":212,"column":44},"end":{"line":212,"column":45}},"loc":{"start":{"line":212,"column":64},"end":{"line":227,"column":5}},"line":212},"21":{"name":"(anonymous_21)","decl":{"start":{"line":222,"column":55},"end":{"line":222,"column":56}},"loc":{"start":{"line":222,"column":61},"end":{"line":225,"column":9}},"line":222},"22":{"name":"(anonymous_22)","decl":{"start":{"line":229,"column":53},"end":{"line":229,"column":54}},"loc":{"start":{"line":229,"column":73},"end":{"line":244,"column":5}},"line":229},"23":{"name":"(anonymous_23)","decl":{"start":{"line":236,"column":12},"end":{"line":236,"column":13}},"loc":{"start":{"line":236,"column":18},"end":{"line":236,"column":65}},"line":236},"24":{"name":"(anonymous_24)","decl":{"start":{"line":247,"column":35},"end":{"line":247,"column":36}},"loc":{"start":{"line":247,"column":41},"end":{"line":276,"column":1}},"line":247},"25":{"name":"(anonymous_25)","decl":{"start":{"line":248,"column":34},"end":{"line":248,"column":35}},"loc":{"start":{"line":248,"column":54},"end":{"line":256,"column":5}},"line":248},"26":{"name":"(anonymous_26)","decl":{"start":{"line":258,"column":44},"end":{"line":258,"column":45}},"loc":{"start":{"line":258,"column":64},"end":{"line":275,"column":5}},"line":258},"27":{"name":"(anonymous_27)","decl":{"start":{"line":268,"column":12},"end":{"line":268,"column":13}},"loc":{"start":{"line":268,"column":18},"end":{"line":268,"column":65}},"line":268},"28":{"name":"(anonymous_28)","decl":{"start":{"line":278,"column":37},"end":{"line":278,"column":38}},"loc":{"start":{"line":278,"column":43},"end":{"line":301,"column":1}},"line":278},"29":{"name":"(anonymous_29)","decl":{"start":{"line":279,"column":38},"end":{"line":279,"column":39}},"loc":{"start":{"line":279,"column":58},"end":{"line":288,"column":5}},"line":279},"30":{"name":"(anonymous_30)","decl":{"start":{"line":286,"column":51},"end":{"line":286,"column":52}},"loc":{"start":{"line":286,"column":57},"end":{"line":286,"column":87}},"line":286},"31":{"name":"(anonymous_31)","decl":{"start":{"line":290,"column":36},"end":{"line":290,"column":37}},"loc":{"start":{"line":290,"column":56},"end":{"line":300,"column":5}},"line":290},"32":{"name":"(anonymous_32)","decl":{"start":{"line":295,"column":48},"end":{"line":295,"column":49}},"loc":{"start":{"line":295,"column":54},"end":{"line":298,"column":9}},"line":295}},"branchMap":{"0":{"loc":{"start":{"line":297,"column":19},"end":{"line":297,"column":65}},"type":"cond-expr","locations":[{"start":{"line":297,"column":34},"end":{"line":297,"column":58}},{"start":{"line":297,"column":61},"end":{"line":297,"column":65}}],"line":297}},"s":{"0":0,"1":0,"2":0,"3":0,"4":0,"5":0,"6":0,"7":0,"8":0,"9":0,"10":0,"11":0,"12":0,"13":0,"14":0,"15":0,"16":0,"17":0,"18":0,"19":0,"20":0,"21":0,"22":0,"23":0,"24":0,"25":0,"26":0,"27":0,"28":0,"29":0,"30":0,"31":0,"32":0,"33":0,"34":0,"35":0,"36":0,"37":0,"38":0,"39":0,"40":0,"41":0,"42":0,"43":0,"44":0,"45":0,"46":0,"47":0,"48":0,"49":0,"50":0,"51":0,"52":0,"53":0,"54":0,"55":0,"56":0,"57":0,"58":0,"59":0,"60":0,"61":0,"62":0,"63":0,"64":0,"65":0,"66":0,"67":0,"68":0,"69":0,"70":0,"71":0,"72":0,"73":0,"74":0,"75":0,"76":0,"77":0,"78":0,"79":0,"80":0,"81":0,"82":0,"83":0,"84":0,"85":0,"86":0,"87":0,"88":0,"89":0,"90":0,"91":0,"92":0,"93":0,"94":0,"95":0,"96":0,"97":0,"98":0,"99":0,"100":0,"101":0,"102":0,"103":0,"104":0,"105":0,"106":0,"107":0,"108":0,"109":0,"110":0,"111":0,"112":0,"113":0,"114":0,"115":0,"116":0,"117":0,"118":0,"119":0,"120":0,"121":0,"122":0,"123":0,"124":0,"125":0,"126":0,"127":0,"128":0,"129":0,"130":0,"131":0,"132":0,"133":0,"134":0,"135":0,"136":0,"137":0,"138":0,"139":0,"140":0,"141":0},"f":{"0":0,"1":0,"2":0,"3":0,"4":0,"5":0,"6":0,"7":0,"8":0,"9":0,"10":0,"11":0,"12":0,"13":0,"14":0,"15":0,"16":0,"17":0,"18":0,"19":0,"20":0,"21":0,"22":0,"23":0,"24":0,"25":0,"26":0,"27":0,"28":0,"29":0,"30":0,"31":0,"32":0},"b":{"0":[0,0]}}
,"/Users/prasad.kavuri/portfolio-website/jest.config.js": {"path":"/Users/prasad.kavuri/portfolio-website/jest.config.js","statementMap":{"0":{"start":{"line":2,"column":0},"end":{"line":27,"column":2}}},"fnMap":{},"branchMap":{},"s":{"0":0},"f":{},"b":{}}
,"/Users/prasad.kavuri/portfolio-website/playwright.config.js": {"path":"/Users/prasad.kavuri/portfolio-website/playwright.config.js","statementMap":{"0":{"start":{"line":3,"column":0},"end":{"line":21,"column":2}}},"fnMap":{},"branchMap":{},"s":{"0":0},"f":{},"b":{}}
,"/Users/prasad.kavuri/portfolio-website/portfolio-agent-engine.js": {"path":"/Users/prasad.kavuri/portfolio-website/portfolio-agent-engine.js","statementMap":{"0":{"start":{"line":6,"column":8},"end":{"line":129,"column":10}},"1":{"start":{"line":131,"column":8},"end":{"line":137,"column":10}},"2":{"start":{"line":142,"column":23},"end":{"line":142,"column":49}},"3":{"start":{"line":143,"column":22},"end":{"line":143,"column":57}},"4":{"start":{"line":146,"column":23},"end":{"line":153,"column":9}},"5":{"start":{"line":156,"column":8},"end":{"line":164,"column":9}},"6":{"start":{"line":157,"column":12},"end":{"line":157,"column":69}},"7":{"start":{"line":158,"column":15},"end":{"line":164,"column":9}},"8":{"start":{"line":159,"column":12},"end":{"line":159,"column":63}},"9":{"start":{"line":160,"column":15},"end":{"line":164,"column":9}},"10":{"start":{"line":161,"column":12},"end":{"line":161,"column":63}},"11":{"start":{"line":162,"column":15},"end":{"line":164,"column":9}},"12":{"start":{"line":163,"column":12},"end":{"line":163,"column":63}},"13":{"start":{"line":167,"column":8},"end":{"line":169,"column":9}},"14":{"start":{"line":168,"column":12},"end":{"line":168,"column":78}},"15":{"start":{"line":172,"column":8},"end":{"line":174,"column":9}},"16":{"start":{"line":173,"column":12},"end":{"line":173,"column":64}},"17":{"start":{"line":176,"column":8},"end":{"line":176,"column":24}},"18":{"start":{"line":180,"column":27},"end":{"line":180,"column":46}},"19":{"start":{"line":181,"column":23},"end":{"line":181,"column":24}},"20":{"start":{"line":182,"column":29},"end":{"line":182,"column":38}},"21":{"start":{"line":184,"column":8},"end":{"line":190,"column":9}},"22":{"start":{"line":185,"column":26},"end":{"line":185,"column":89}},"23":{"start":{"line":185,"column":53},"end":{"line":185,"column":81}},"24":{"start":{"line":186,"column":12},"end":{"line":189,"column":13}},"25":{"start":{"line":187,"column":16},"end":{"line":187,"column":33}},"26":{"start":{"line":188,"column":16},"end":{"line":188,"column":40}},"27":{"start":{"line":192,"column":8},"end":{"line":192,"column":30}},"28":{"start":{"line":196,"column":27},"end":{"line":200,"column":9}},"29":{"start":{"line":202,"column":27},"end":{"line":202,"column":46}},"30":{"start":{"line":204,"column":8},"end":{"line":204,"column":83}},"31":{"start":{"line":204,"column":41},"end":{"line":204,"column":66}},"32":{"start":{"line":204,"column":69},"end":{"line":204,"column":83}},"33":{"start":{"line":205,"column":8},"end":{"line":205,"column":87}},"34":{"start":{"line":205,"column":43},"end":{"line":205,"column":68}},"35":{"start":{"line":205,"column":71},"end":{"line":205,"column":87}},"36":{"start":{"line":206,"column":8},"end":{"line":206,"column":25}},"37":{"start":{"line":210,"column":27},"end":{"line":210,"column":46}},"38":{"start":{"line":211,"column":22},"end":{"line":211,"column":24}},"39":{"start":{"line":214,"column":8},"end":{"line":264,"column":9}},"40":{"start":{"line":215,"column":24},"end":{"line":215,"column":62}},"41":{"start":{"line":216,"column":12},"end":{"line":216,"column":101}},"42":{"start":{"line":217,"column":12},"end":{"line":217,"column":120}},"43":{"start":{"line":218,"column":12},"end":{"line":218,"column":64}},"44":{"start":{"line":219,"column":12},"end":{"line":221,"column":15}},"45":{"start":{"line":220,"column":16},"end":{"line":220,"column":53}},"46":{"start":{"line":222,"column":12},"end":{"line":222,"column":31}},"47":{"start":{"line":224,"column":12},"end":{"line":230,"column":13}},"48":{"start":{"line":225,"column":16},"end":{"line":225,"column":74}},"49":{"start":{"line":226,"column":16},"end":{"line":226,"column":73}},"50":{"start":{"line":227,"column":16},"end":{"line":227,"column":85}},"51":{"start":{"line":228,"column":16},"end":{"line":228,"column":91}},"52":{"start":{"line":229,"column":16},"end":{"line":229,"column":73}},"53":{"start":{"line":231,"column":15},"end":{"line":264,"column":9}},"54":{"start":{"line":232,"column":24},"end":{"line":232,"column":58}},"55":{"start":{"line":233,"column":12},"end":{"line":233,"column":84}},"56":{"start":{"line":234,"column":12},"end":{"line":234,"column":136}},"57":{"start":{"line":235,"column":12},"end":{"line":235,"column":62}},"58":{"start":{"line":236,"column":12},"end":{"line":236,"column":67}},"59":{"start":{"line":237,"column":12},"end":{"line":237,"column":77}},"60":{"start":{"line":238,"column":12},"end":{"line":238,"column":63}},"61":{"start":{"line":239,"column":12},"end":{"line":239,"column":71}},"62":{"start":{"line":240,"column":15},"end":{"line":264,"column":9}},"63":{"start":{"line":241,"column":12},"end":{"line":241,"column":89}},"64":{"start":{"line":242,"column":12},"end":{"line":242,"column":102}},"65":{"start":{"line":243,"column":12},"end":{"line":243,"column":138}},"66":{"start":{"line":244,"column":12},"end":{"line":244,"column":111}},"67":{"start":{"line":245,"column":12},"end":{"line":245,"column":119}},"68":{"start":{"line":246,"column":12},"end":{"line":246,"column":115}},"69":{"start":{"line":247,"column":12},"end":{"line":247,"column":112}},"70":{"start":{"line":248,"column":15},"end":{"line":264,"column":9}},"71":{"start":{"line":249,"column":12},"end":{"line":249,"column":82}},"72":{"start":{"line":250,"column":12},"end":{"line":250,"column":108}},"73":{"start":{"line":251,"column":12},"end":{"line":253,"column":15}},"74":{"start":{"line":252,"column":16},"end":{"line":252,"column":48}},"75":{"start":{"line":254,"column":12},"end":{"line":254,"column":129}},"76":{"start":{"line":255,"column":12},"end":{"line":255,"column":115}},"77":{"start":{"line":258,"column":12},"end":{"line":258,"column":133}},"78":{"start":{"line":259,"column":12},"end":{"line":259,"column":132}},"79":{"start":{"line":260,"column":12},"end":{"line":260,"column":109}},"80":{"start":{"line":261,"column":12},"end":{"line":261,"column":122}},"81":{"start":{"line":262,"column":12},"end":{"line":262,"column":104}},"82":{"start":{"line":263,"column":12},"end":{"line":263,"column":64}},"83":{"start":{"line":266,"column":8},"end":{"line":272,"column":10}},"84":{"start":{"line":276,"column":27},"end":{"line":276,"column":46}},"85":{"start":{"line":277,"column":22},"end":{"line":277,"column":24}},"86":{"start":{"line":279,"column":8},"end":{"line":305,"column":9}},"87":{"start":{"line":280,"column":12},"end":{"line":280,"column":88}},"88":{"start":{"line":281,"column":12},"end":{"line":281,"column":139}},"89":{"start":{"line":282,"column":12},"end":{"line":282,"column":56}},"90":{"start":{"line":283,"column":12},"end":{"line":283,"column":96}},"91":{"start":{"line":284,"column":12},"end":{"line":284,"column":87}},"92":{"start":{"line":285,"column":12},"end":{"line":285,"column":82}},"93":{"start":{"line":286,"column":12},"end":{"line":286,"column":87}},"94":{"start":{"line":287,"column":12},"end":{"line":287,"column":105}},"95":{"start":{"line":288,"column":15},"end":{"line":305,"column":9}},"96":{"start":{"line":289,"column":12},"end":{"line":289,"column":73}},"97":{"start":{"line":290,"column":12},"end":{"line":290,"column":69}},"98":{"start":{"line":291,"column":12},"end":{"line":291,"column":108}},"99":{"start":{"line":292,"column":12},"end":{"line":292,"column":102}},"100":{"start":{"line":293,"column":12},"end":{"line":293,"column":103}},"101":{"start":{"line":294,"column":12},"end":{"line":294,"column":104}},"102":{"start":{"line":295,"column":12},"end":{"line":295,"column":93}},"103":{"start":{"line":296,"column":12},"end":{"line":296,"column":120}},"104":{"start":{"line":298,"column":12},"end":{"line":298,"column":76}},"105":{"start":{"line":299,"column":12},"end":{"line":299,"column":82}},"106":{"start":{"line":300,"column":12},"end":{"line":300,"column":66}},"107":{"start":{"line":301,"column":12},"end":{"line":301,"column":67}},"108":{"start":{"line":302,"column":12},"end":{"line":302,"column":66}},"109":{"start":{"line":303,"column":12},"end":{"line":303,"column":73}},"110":{"start":{"line":304,"column":12},"end":{"line":304,"column":84}},"111":{"start":{"line":307,"column":8},"end":{"line":312,"column":10}},"112":{"start":{"line":316,"column":27},"end":{"line":316,"column":46}},"113":{"start":{"line":317,"column":22},"end":{"line":317,"column":24}},"114":{"start":{"line":319,"column":8},"end":{"line":349,"column":9}},"115":{"start":{"line":320,"column":12},"end":{"line":320,"column":85}},"116":{"start":{"line":321,"column":12},"end":{"line":321,"column":71}},"117":{"start":{"line":322,"column":12},"end":{"line":322,"column":116}},"118":{"start":{"line":323,"column":12},"end":{"line":323,"column":109}},"119":{"start":{"line":324,"column":12},"end":{"line":324,"column":116}},"120":{"start":{"line":325,"column":12},"end":{"line":325,"column":108}},"121":{"start":{"line":326,"column":12},"end":{"line":326,"column":106}},"122":{"start":{"line":327,"column":12},"end":{"line":327,"column":109}},"123":{"start":{"line":328,"column":12},"end":{"line":328,"column":97}},"124":{"start":{"line":329,"column":15},"end":{"line":349,"column":9}},"125":{"start":{"line":330,"column":12},"end":{"line":330,"column":94}},"126":{"start":{"line":331,"column":12},"end":{"line":331,"column":61}},"127":{"start":{"line":332,"column":12},"end":{"line":332,"column":94}},"128":{"start":{"line":333,"column":12},"end":{"line":333,"column":91}},"129":{"start":{"line":334,"column":12},"end":{"line":334,"column":104}},"130":{"start":{"line":335,"column":12},"end":{"line":335,"column":87}},"131":{"start":{"line":336,"column":12},"end":{"line":336,"column":88}},"132":{"start":{"line":337,"column":12},"end":{"line":337,"column":90}},"133":{"start":{"line":338,"column":12},"end":{"line":338,"column":93}},"134":{"start":{"line":339,"column":12},"end":{"line":339,"column":123}},"135":{"start":{"line":341,"column":12},"end":{"line":341,"column":74}},"136":{"start":{"line":342,"column":12},"end":{"line":342,"column":70}},"137":{"start":{"line":343,"column":12},"end":{"line":343,"column":57}},"138":{"start":{"line":344,"column":12},"end":{"line":344,"column":61}},"139":{"start":{"line":345,"column":12},"end":{"line":345,"column":72}},"140":{"start":{"line":346,"column":12},"end":{"line":346,"column":65}},"141":{"start":{"line":347,"column":12},"end":{"line":347,"column":66}},"142":{"start":{"line":348,"column":12},"end":{"line":348,"column":73}},"143":{"start":{"line":351,"column":8},"end":{"line":356,"column":10}},"144":{"start":{"line":360,"column":22},"end":{"line":360,"column":66}},"145":{"start":{"line":361,"column":8},"end":{"line":361,"column":58}},"146":{"start":{"line":362,"column":8},"end":{"line":362,"column":98}},"147":{"start":{"line":363,"column":8},"end":{"line":363,"column":79}},"148":{"start":{"line":364,"column":8},"end":{"line":364,"column":83}},"149":{"start":{"line":365,"column":8},"end":{"line":365,"column":66}},"150":{"start":{"line":366,"column":8},"end":{"line":366,"column":66}},"151":{"start":{"line":367,"column":8},"end":{"line":367,"column":79}},"152":{"start":{"line":368,"column":8},"end":{"line":368,"column":70}},"153":{"start":{"line":369,"column":8},"end":{"line":369,"column":77}},"154":{"start":{"line":370,"column":8},"end":{"line":370,"column":121}},"155":{"start":{"line":372,"column":8},"end":{"line":377,"column":10}},"156":{"start":{"line":381,"column":25},"end":{"line":381,"column":27}},"157":{"start":{"line":383,"column":8},"end":{"line":395,"column":9}},"158":{"start":{"line":384,"column":12},"end":{"line":384,"column":112}},"159":{"start":{"line":385,"column":12},"end":{"line":385,"column":97}},"160":{"start":{"line":386,"column":12},"end":{"line":386,"column":97}},"161":{"start":{"line":387,"column":15},"end":{"line":395,"column":9}},"162":{"start":{"line":388,"column":12},"end":{"line":388,"column":119}},"163":{"start":{"line":389,"column":12},"end":{"line":389,"column":99}},"164":{"start":{"line":390,"column":12},"end":{"line":390,"column":93}},"165":{"start":{"line":391,"column":15},"end":{"line":395,"column":9}},"166":{"start":{"line":392,"column":12},"end":{"line":392,"column":92}},"167":{"start":{"line":393,"column":12},"end":{"line":393,"column":86}},"168":{"start":{"line":394,"column":12},"end":{"line":394,"column":93}},"169":{"start":{"line":397,"column":8},"end":{"line":397,"column":24}},"170":{"start":{"line":402,"column":23},"end":{"line":409,"column":9}},"171":{"start":{"line":412,"column":27},"end":{"line":412,"column":46}},"172":{"start":{"line":413,"column":8},"end":{"line":416,"column":9}},"173":{"start":{"line":414,"column":12},"end":{"line":414,"column":35}},"174":{"start":{"line":415,"column":12},"end":{"line":415,"column":30}},"175":{"start":{"line":417,"column":8},"end":{"line":420,"column":9}},"176":{"start":{"line":418,"column":12},"end":{"line":418,"column":30}},"177":{"start":{"line":419,"column":12},"end":{"line":419,"column":33}},"178":{"start":{"line":422,"column":8},"end":{"line":422,"column":22}},"179":{"start":{"line":426,"column":26},"end":{"line":426,"column":63}},"180":{"start":{"line":427,"column":27},"end":{"line":427,"column":68}},"181":{"start":{"line":429,"column":24},"end":{"line":429,"column":68}},"182":{"start":{"line":430,"column":8},"end":{"line":430,"column":50}},"183":{"start":{"line":431,"column":8},"end":{"line":431,"column":86}},"184":{"start":{"line":433,"column":8},"end":{"line":433,"column":42}},"185":{"start":{"line":434,"column":8},"end":{"line":438,"column":9}},"186":{"start":{"line":435,"column":12},"end":{"line":435,"column":173}},"187":{"start":{"line":436,"column":15},"end":{"line":438,"column":9}},"188":{"start":{"line":437,"column":12},"end":{"line":437,"column":149}},"189":{"start":{"line":440,"column":8},"end":{"line":440,"column":41}},"190":{"start":{"line":441,"column":8},"end":{"line":441,"column":28}},"191":{"start":{"line":442,"column":8},"end":{"line":444,"column":11}},"192":{"start":{"line":443,"column":12},"end":{"line":443,"column":51}},"193":{"start":{"line":445,"column":8},"end":{"line":445,"column":29}},"194":{"start":{"line":447,"column":8},"end":{"line":447,"column":40}},"195":{"start":{"line":448,"column":8},"end":{"line":448,"column":44}},"196":{"start":{"line":449,"column":8},"end":{"line":451,"column":11}},"197":{"start":{"line":450,"column":12},"end":{"line":450,"column":98}},"198":{"start":{"line":452,"column":8},"end":{"line":452,"column":30}},"199":{"start":{"line":454,"column":8},"end":{"line":454,"column":46}},"200":{"start":{"line":455,"column":8},"end":{"line":455,"column":28}},"201":{"start":{"line":456,"column":8},"end":{"line":456,"column":83}},"202":{"start":{"line":457,"column":8},"end":{"line":457,"column":89}},"203":{"start":{"line":458,"column":8},"end":{"line":458,"column":86}},"204":{"start":{"line":459,"column":8},"end":{"line":459,"column":29}},"205":{"start":{"line":461,"column":8},"end":{"line":461,"column":25}},"206":{"start":{"line":466,"column":0},"end":{"line":466,"column":39}}},"fnMap":{"0":{"name":"(anonymous_0)","decl":{"start":{"line":5,"column":4},"end":{"line":5,"column":5}},"loc":{"start":{"line":5,"column":18},"end":{"line":138,"column":5}},"line":5},"1":{"name":"(anonymous_1)","decl":{"start":{"line":140,"column":4},"end":{"line":140,"column":5}},"loc":{"start":{"line":140,"column":48},"end":{"line":177,"column":5}},"line":140},"2":{"name":"(anonymous_2)","decl":{"start":{"line":179,"column":4},"end":{"line":179,"column":5}},"loc":{"start":{"line":179,"column":26},"end":{"line":193,"column":5}},"line":179},"3":{"name":"(anonymous_3)","decl":{"start":{"line":185,"column":42},"end":{"line":185,"column":43}},"loc":{"start":{"line":185,"column":53},"end":{"line":185,"column":81}},"line":185},"4":{"name":"(anonymous_4)","decl":{"start":{"line":195,"column":4},"end":{"line":195,"column":5}},"loc":{"start":{"line":195,"column":35},"end":{"line":207,"column":5}},"line":195},"5":{"name":"(anonymous_5)","decl":{"start":{"line":204,"column":33},"end":{"line":204,"column":34}},"loc":{"start":{"line":204,"column":41},"end":{"line":204,"column":66}},"line":204},"6":{"name":"(anonymous_6)","decl":{"start":{"line":205,"column":35},"end":{"line":205,"column":36}},"loc":{"start":{"line":205,"column":43},"end":{"line":205,"column":68}},"line":205},"7":{"name":"(anonymous_7)","decl":{"start":{"line":209,"column":4},"end":{"line":209,"column":5}},"loc":{"start":{"line":209,"column":45},"end":{"line":273,"column":5}},"line":209},"8":{"name":"(anonymous_8)","decl":{"start":{"line":219,"column":41},"end":{"line":219,"column":42}},"loc":{"start":{"line":219,"column":56},"end":{"line":221,"column":13}},"line":219},"9":{"name":"(anonymous_9)","decl":{"start":{"line":251,"column":72},"end":{"line":251,"column":73}},"loc":{"start":{"line":251,"column":85},"end":{"line":253,"column":13}},"line":251},"10":{"name":"(anonymous_10)","decl":{"start":{"line":275,"column":4},"end":{"line":275,"column":5}},"loc":{"start":{"line":275,"column":39},"end":{"line":313,"column":5}},"line":275},"11":{"name":"(anonymous_11)","decl":{"start":{"line":315,"column":4},"end":{"line":315,"column":5}},"loc":{"start":{"line":315,"column":39},"end":{"line":357,"column":5}},"line":315},"12":{"name":"(anonymous_12)","decl":{"start":{"line":359,"column":4},"end":{"line":359,"column":5}},"loc":{"start":{"line":359,"column":39},"end":{"line":378,"column":5}},"line":359},"13":{"name":"(anonymous_13)","decl":{"start":{"line":380,"column":4},"end":{"line":380,"column":5}},"loc":{"start":{"line":380,"column":45},"end":{"line":398,"column":5}},"line":380},"14":{"name":"(anonymous_14)","decl":{"start":{"line":400,"column":4},"end":{"line":400,"column":5}},"loc":{"start":{"line":400,"column":29},"end":{"line":423,"column":5}},"line":400},"15":{"name":"(anonymous_15)","decl":{"start":{"line":425,"column":4},"end":{"line":425,"column":5}},"loc":{"start":{"line":425,"column":31},"end":{"line":462,"column":5}},"line":425},"16":{"name":"(anonymous_16)","decl":{"start":{"line":442,"column":56},"end":{"line":442,"column":57}},"loc":{"start":{"line":442,"column":71},"end":{"line":444,"column":9}},"line":442},"17":{"name":"(anonymous_17)","decl":{"start":{"line":449,"column":51},"end":{"line":449,"column":52}},"loc":{"start":{"line":449,"column":69},"end":{"line":451,"column":9}},"line":449}},"branchMap":{"0":{"loc":{"start":{"line":156,"column":8},"end":{"line":164,"column":9}},"type":"if","locations":[{"start":{"line":156,"column":8},"end":{"line":164,"column":9}},{"start":{"line":158,"column":15},"end":{"line":164,"column":9}}],"line":156},"1":{"loc":{"start":{"line":158,"column":15},"end":{"line":164,"column":9}},"type":"if","locations":[{"start":{"line":158,"column":15},"end":{"line":164,"column":9}},{"start":{"line":160,"column":15},"end":{"line":164,"column":9}}],"line":158},"2":{"loc":{"start":{"line":160,"column":15},"end":{"line":164,"column":9}},"type":"if","locations":[{"start":{"line":160,"column":15},"end":{"line":164,"column":9}},{"start":{"line":162,"column":15},"end":{"line":164,"column":9}}],"line":160},"3":{"loc":{"start":{"line":162,"column":15},"end":{"line":164,"column":9}},"type":"if","locations":[{"start":{"line":162,"column":15},"end":{"line":164,"column":9}},{"start":{},"end":{}}],"line":162},"4":{"loc":{"start":{"line":167,"column":8},"end":{"line":169,"column":9}},"type":"if","locations":[{"start":{"line":167,"column":8},"end":{"line":169,"column":9}},{"start":{},"end":{}}],"line":167},"5":{"loc":{"start":{"line":172,"column":8},"end":{"line":174,"column":9}},"type":"if","locations":[{"start":{"line":172,"column":8},"end":{"line":174,"column":9}},{"start":{},"end":{}}],"line":172},"6":{"loc":{"start":{"line":172,"column":12},"end":{"line":172,"column":131}},"type":"binary-expr","locations":[{"start":{"line":172,"column":12},"end":{"line":172,"column":49}},{"start":{"line":172,"column":53},"end":{"line":172,"column":88}},{"start":{"line":172,"column":92},"end":{"line":172,"column":131}}],"line":172},"7":{"loc":{"start":{"line":186,"column":12},"end":{"line":189,"column":13}},"type":"if","locations":[{"start":{"line":186,"column":12},"end":{"line":189,"column":13}},{"start":{},"end":{}}],"line":186},"8":{"loc":{"start":{"line":204,"column":8},"end":{"line":204,"column":83}},"type":"if","locations":[{"start":{"line":204,"column":8},"end":{"line":204,"column":83}},{"start":{},"end":{}}],"line":204},"9":{"loc":{"start":{"line":205,"column":8},"end":{"line":205,"column":87}},"type":"if","locations":[{"start":{"line":205,"column":8},"end":{"line":205,"column":87}},{"start":{},"end":{}}],"line":205},"10":{"loc":{"start":{"line":214,"column":8},"end":{"line":264,"column":9}},"type":"if","locations":[{"start":{"line":214,"column":8},"end":{"line":264,"column":9}},{"start":{"line":231,"column":15},"end":{"line":264,"column":9}}],"line":214},"11":{"loc":{"start":{"line":214,"column":12},"end":{"line":214,"column":74}},"type":"binary-expr","locations":[{"start":{"line":214,"column":12},"end":{"line":214,"column":40}},{"start":{"line":214,"column":44},"end":{"line":214,"column":74}}],"line":214},"12":{"loc":{"start":{"line":224,"column":12},"end":{"line":230,"column":13}},"type":"if","locations":[{"start":{"line":224,"column":12},"end":{"line":230,"column":13}},{"start":{},"end":{}}],"line":224},"13":{"loc":{"start":{"line":231,"column":15},"end":{"line":264,"column":9}},"type":"if","locations":[{"start":{"line":231,"column":15},"end":{"line":264,"column":9}},{"start":{"line":240,"column":15},"end":{"line":264,"column":9}}],"line":231},"14":{"loc":{"start":{"line":240,"column":15},"end":{"line":264,"column":9}},"type":"if","locations":[{"start":{"line":240,"column":15},"end":{"line":264,"column":9}},{"start":{"line":248,"column":15},"end":{"line":264,"column":9}}],"line":240},"15":{"loc":{"start":{"line":240,"column":19},"end":{"line":240,"column":85}},"type":"binary-expr","locations":[{"start":{"line":240,"column":19},"end":{"line":240,"column":45}},{"start":{"line":240,"column":49},"end":{"line":240,"column":85}}],"line":240},"16":{"loc":{"start":{"line":248,"column":15},"end":{"line":264,"column":9}},"type":"if","locations":[{"start":{"line":248,"column":15},"end":{"line":264,"column":9}},{"start":{"line":256,"column":15},"end":{"line":264,"column":9}}],"line":248},"17":{"loc":{"start":{"line":248,"column":19},"end":{"line":248,"column":85}},"type":"binary-expr","locations":[{"start":{"line":248,"column":19},"end":{"line":248,"column":52}},{"start":{"line":248,"column":56},"end":{"line":248,"column":85}}],"line":248},"18":{"loc":{"start":{"line":271,"column":22},"end":{"line":271,"column":86}},"type":"cond-expr","locations":[{"start":{"line":271,"column":41},"end":{"line":271,"column":81}},{"start":{"line":271,"column":84},"end":{"line":271,"column":86}}],"line":271},"19":{"loc":{"start":{"line":279,"column":8},"end":{"line":305,"column":9}},"type":"if","locations":[{"start":{"line":279,"column":8},"end":{"line":305,"column":9}},{"start":{"line":288,"column":15},"end":{"line":305,"column":9}}],"line":279},"20":{"loc":{"start":{"line":288,"column":15},"end":{"line":305,"column":9}},"type":"if","locations":[{"start":{"line":288,"column":15},"end":{"line":305,"column":9}},{"start":{"line":297,"column":15},"end":{"line":305,"column":9}}],"line":288},"21":{"loc":{"start":{"line":288,"column":19},"end":{"line":288,"column":81}},"type":"binary-expr","locations":[{"start":{"line":288,"column":19},"end":{"line":288,"column":50}},{"start":{"line":288,"column":54},"end":{"line":288,"column":81}}],"line":288},"22":{"loc":{"start":{"line":319,"column":8},"end":{"line":349,"column":9}},"type":"if","locations":[{"start":{"line":319,"column":8},"end":{"line":349,"column":9}},{"start":{"line":329,"column":15},"end":{"line":349,"column":9}}],"line":319},"23":{"loc":{"start":{"line":319,"column":12},"end":{"line":319,"column":74}},"type":"binary-expr","locations":[{"start":{"line":319,"column":12},"end":{"line":319,"column":38}},{"start":{"line":319,"column":42},"end":{"line":319,"column":74}}],"line":319},"24":{"loc":{"start":{"line":329,"column":15},"end":{"line":349,"column":9}},"type":"if","locations":[{"start":{"line":329,"column":15},"end":{"line":349,"column":9}},{"start":{"line":340,"column":15},"end":{"line":349,"column":9}}],"line":329},"25":{"loc":{"start":{"line":329,"column":19},"end":{"line":329,"column":86}},"type":"binary-expr","locations":[{"start":{"line":329,"column":19},"end":{"line":329,"column":47}},{"start":{"line":329,"column":51},"end":{"line":329,"column":86}}],"line":329},"26":{"loc":{"start":{"line":383,"column":8},"end":{"line":395,"column":9}},"type":"if","locations":[{"start":{"line":383,"column":8},"end":{"line":395,"column":9}},{"start":{"line":387,"column":15},"end":{"line":395,"column":9}}],"line":383},"27":{"loc":{"start":{"line":387,"column":15},"end":{"line":395,"column":9}},"type":"if","locations":[{"start":{"line":387,"column":15},"end":{"line":395,"column":9}},{"start":{"line":391,"column":15},"end":{"line":395,"column":9}}],"line":387},"28":{"loc":{"start":{"line":391,"column":15},"end":{"line":395,"column":9}},"type":"if","locations":[{"start":{"line":391,"column":15},"end":{"line":395,"column":9}},{"start":{},"end":{}}],"line":391},"29":{"loc":{"start":{"line":413,"column":8},"end":{"line":416,"column":9}},"type":"if","locations":[{"start":{"line":413,"column":8},"end":{"line":416,"column":9}},{"start":{},"end":{}}],"line":413},"30":{"loc":{"start":{"line":417,"column":8},"end":{"line":420,"column":9}},"type":"if","locations":[{"start":{"line":417,"column":8},"end":{"line":420,"column":9}},{"start":{},"end":{}}],"line":417},"31":{"loc":{"start":{"line":426,"column":26},"end":{"line":426,"column":63}},"type":"binary-expr","locations":[{"start":{"line":426,"column":26},"end":{"line":426,"column":50}},{"start":{"line":426,"column":54},"end":{"line":426,"column":63}}],"line":426},"32":{"loc":{"start":{"line":434,"column":8},"end":{"line":438,"column":9}},"type":"if","locations":[{"start":{"line":434,"column":8},"end":{"line":438,"column":9}},{"start":{"line":436,"column":15},"end":{"line":438,"column":9}}],"line":434},"33":{"loc":{"start":{"line":436,"column":15},"end":{"line":438,"column":9}},"type":"if","locations":[{"start":{"line":436,"column":15},"end":{"line":438,"column":9}},{"start":{},"end":{}}],"line":436}},"s":{"0":0,"1":0,"2":0,"3":0,"4":0,"5":0,"6":0,"7":0,"8":0,"9":0,"10":0,"11":0,"12":0,"13":0,"14":0,"15":0,"16":0,"17":0,"18":0,"19":0,"20":0,"21":0,"22":0,"23":0,"24":0,"25":0,"26":0,"27":0,"28":0,"29":0,"30":0,"31":0,"32":0,"33":0,"34":0,"35":0,"36":0,"37":0,"38":0,"39":0,"40":0,"41":0,"42":0,"43":0,"44":0,"45":0,"46":0,"47":0,"48":0,"49":0,"50":0,"51":0,"52":0,"53":0,"54":0,"55":0,"56":0,"57":0,"58":0,"59":0,"60":0,"61":0,"62":0,"63":0,"64":0,"65":0,"66":0,"67":0,"68":0,"69":0,"70":0,"71":0,"72":0,"73":0,"74":0,"75":0,"76":0,"77":0,"78":0,"79":0,"80":0,"81":0,"82":0,"83":0,"84":0,"85":0,"86":0,"87":0,"88":0,"89":0,"90":0,"91":0,"92":0,"93":0,"94":0,"95":0,"96":0,"97":0,"98":0,"99":0,"100":0,"101":0,"102":0,"103":0,"104":0,"105":0,"106":0,"107":0,"108":0,"109":0,"110":0,"111":0,"112":0,"113":0,"114":0,"115":0,"116":0,"117":0,"118":0,"119":0,"120":0,"121":0,"122":0,"123":0,"124":0,"125":0,"126":0,"127":0,"128":0,"129":0,"130":0,"131":0,"132":0,"133":0,"134":0,"135":0,"136":0,"137":0,"138":0,"139":0,"140":0,"141":0,"142":0,"143":0,"144":0,"145":0,"146":0,"147":0,"148":0,"149":0,"150":0,"151":0,"152":0,"153":0,"154":0,"155":0,"156":0,"157":0,"158":0,"159":0,"160":0,"161":0,"162":0,"163":0,"164":0,"165":0,"166":0,"167":0,"168":0,"169":0,"170":0,"171":0,"172":0,"173":0,"174":0,"175":0,"176":0,"177":0,"178":0,"179":0,"180":0,"181":0,"182":0,"183":0,"184":0,"185":0,"186":0,"187":0,"188":0,"189":0,"190":0,"191":0,"192":0,"193":0,"194":0,"195":0,"196":0,"197":0,"198":0,"199":0,"200":0,"201":0,"202":0,"203":0,"204":0,"205":0,"206":0},"f":{"0":0,"1":0,"2":0,"3":0,"4":0,"5":0,"6":0,"7":0,"8":0,"9":0,"10":0,"11":0,"12":0,"13":0,"14":0,"15":0,"16":0,"17":0},"b":{"0":[0,0],"1":[0,0],"2":[0,0],"3":[0,0],"4":[0,0],"5":[0,0],"6":[0,0,0],"7":[0,0],"8":[0,0],"9":[0,0],"10":[0,0],"11":[0,0],"12":[0,0],"13":[0,0],"14":[0,0],"15":[0,0],"16":[0,0],"17":[0,0],"18":[0,0],"19":[0,0],"20":[0,0],"21":[0,0],"22":[0,0],"23":[0,0],"24":[0,0],"25":[0,0],"26":[0,0],"27":[0,0],"28":[0,0],"29":[0,0],"30":[0,0],"31":[0,0],"32":[0,0],"33":[0,0]}}
,"/Users/prasad.kavuri/portfolio-website/portfolio-assistant.js": {"path":"/Users/prasad.kavuri/portfolio-website/portfolio-assistant.js","statementMap":{"0":{"start":{"line":4,"column":8},"end":{"line":4,"column":38}},"1":{"start":{"line":5,"column":8},"end":{"line":12,"column":10}},"2":{"start":{"line":14,"column":8},"end":{"line":20,"column":10}},"3":{"start":{"line":22,"column":8},"end":{"line":22,"column":31}},"4":{"start":{"line":23,"column":8},"end":{"line":23,"column":20}},"5":{"start":{"line":27,"column":8},"end":{"line":27,"column":35}},"6":{"start":{"line":28,"column":8},"end":{"line":28,"column":36}},"7":{"start":{"line":29,"column":8},"end":{"line":29,"column":36}},"8":{"start":{"line":34,"column":8},"end":{"line":36,"column":11}},"9":{"start":{"line":35,"column":12},"end":{"line":35,"column":44}},"10":{"start":{"line":39,"column":8},"end":{"line":41,"column":11}},"11":{"start":{"line":40,"column":12},"end":{"line":40,"column":31}},"12":{"start":{"line":44,"column":8},"end":{"line":49,"column":11}},"13":{"start":{"line":45,"column":12},"end":{"line":48,"column":13}},"14":{"start":{"line":46,"column":16},"end":{"line":46,"column":35}},"15":{"start":{"line":47,"column":16},"end":{"line":47,"column":35}},"16":{"start":{"line":52,"column":8},"end":{"line":58,"column":11}},"17":{"start":{"line":53,"column":12},"end":{"line":57,"column":15}},"18":{"start":{"line":54,"column":30},"end":{"line":54,"column":52}},"19":{"start":{"line":55,"column":16},"end":{"line":55,"column":67}},"20":{"start":{"line":56,"column":16},"end":{"line":56,"column":35}},"21":{"start":{"line":61,"column":8},"end":{"line":65,"column":11}},"22":{"start":{"line":62,"column":12},"end":{"line":64,"column":15}},"23":{"start":{"line":63,"column":16},"end":{"line":63,"column":68}},"24":{"start":{"line":68,"column":8},"end":{"line":70,"column":11}},"25":{"start":{"line":69,"column":12},"end":{"line":69,"column":37}},"26":{"start":{"line":72,"column":8},"end":{"line":74,"column":11}},"27":{"start":{"line":73,"column":12},"end":{"line":73,"column":38}},"28":{"start":{"line":76,"column":8},"end":{"line":78,"column":11}},"29":{"start":{"line":77,"column":12},"end":{"line":77,"column":32}},"30":{"start":{"line":82,"column":8},"end":{"line":82,"column":40}},"31":{"start":{"line":83,"column":8},"end":{"line":83,"column":111}},"32":{"start":{"line":84,"column":8},"end":{"line":84,"column":42}},"33":{"start":{"line":88,"column":29},"end":{"line":93,"column":9}},"34":{"start":{"line":94,"column":8},"end":{"line":94,"column":34}},"35":{"start":{"line":98,"column":24},"end":{"line":123,"column":9}},"36":{"start":{"line":125,"column":26},"end":{"line":125,"column":69}},"37":{"start":{"line":126,"column":8},"end":{"line":126,"column":33}},"38":{"start":{"line":128,"column":8},"end":{"line":138,"column":11}},"39":{"start":{"line":129,"column":25},"end":{"line":129,"column":57}},"40":{"start":{"line":130,"column":12},"end":{"line":130,"column":42}},"41":{"start":{"line":131,"column":12},"end":{"line":131,"column":39}},"42":{"start":{"line":132,"column":12},"end":{"line":132,"column":90}},"43":{"start":{"line":133,"column":12},"end":{"line":136,"column":15}},"44":{"start":{"line":134,"column":16},"end":{"line":134,"column":67}},"45":{"start":{"line":135,"column":16},"end":{"line":135,"column":35}},"46":{"start":{"line":137,"column":12},"end":{"line":137,"column":40}},"47":{"start":{"line":142,"column":22},"end":{"line":142,"column":58}},"48":{"start":{"line":143,"column":24},"end":{"line":143,"column":42}},"49":{"start":{"line":145,"column":8},"end":{"line":145,"column":29}},"50":{"start":{"line":145,"column":22},"end":{"line":145,"column":29}},"51":{"start":{"line":148,"column":8},"end":{"line":148,"column":37}},"52":{"start":{"line":149,"column":8},"end":{"line":149,"column":25}},"53":{"start":{"line":152,"column":8},"end":{"line":152,"column":28}},"54":{"start":{"line":155,"column":25},"end":{"line":159,"column":9}},"55":{"start":{"line":162,"column":8},"end":{"line":162,"column":28}},"56":{"start":{"line":165,"column":8},"end":{"line":165,"column":47}},"57":{"start":{"line":168,"column":8},"end":{"line":168,"column":37}},"58":{"start":{"line":169,"column":8},"end":{"line":169,"column":31}},"59":{"start":{"line":172,"column":8},"end":{"line":174,"column":9}},"60":{"start":{"line":173,"column":12},"end":{"line":173,"column":52}},"61":{"start":{"line":177,"column":8},"end":{"line":179,"column":9}},"62":{"start":{"line":178,"column":12},"end":{"line":178,"column":55}},"63":{"start":{"line":183,"column":33},"end":{"line":183,"column":76}},"64":{"start":{"line":184,"column":27},"end":{"line":184,"column":56}},"65":{"start":{"line":185,"column":8},"end":{"line":185,"column":46}},"66":{"start":{"line":186,"column":8},"end":{"line":189,"column":10}},"67":{"start":{"line":190,"column":8},"end":{"line":190,"column":49}},"68":{"start":{"line":191,"column":8},"end":{"line":191,"column":67}},"69":{"start":{"line":193,"column":8},"end":{"line":197,"column":11}},"70":{"start":{"line":201,"column":33},"end":{"line":201,"column":76}},"71":{"start":{"line":202,"column":27},"end":{"line":202,"column":56}},"72":{"start":{"line":203,"column":8},"end":{"line":203,"column":47}},"73":{"start":{"line":204,"column":8},"end":{"line":207,"column":10}},"74":{"start":{"line":208,"column":8},"end":{"line":208,"column":49}},"75":{"start":{"line":209,"column":8},"end":{"line":209,"column":67}},"76":{"start":{"line":211,"column":8},"end":{"line":215,"column":11}},"77":{"start":{"line":219,"column":8},"end":{"line":219,"column":74}},"78":{"start":{"line":223,"column":8},"end":{"line":223,"column":77}},"79":{"start":{"line":227,"column":8},"end":{"line":229,"column":9}},"80":{"start":{"line":228,"column":12},"end":{"line":228,"column":76}},"81":{"start":{"line":231,"column":8},"end":{"line":233,"column":9}},"82":{"start":{"line":232,"column":12},"end":{"line":232,"column":65}},"83":{"start":{"line":235,"column":8},"end":{"line":237,"column":9}},"84":{"start":{"line":236,"column":12},"end":{"line":236,"column":65}},"85":{"start":{"line":239,"column":8},"end":{"line":239,"column":98}},"86":{"start":{"line":243,"column":8},"end":{"line":243,"column":82}},"87":{"start":{"line":244,"column":8},"end":{"line":244,"column":81}},"88":{"start":{"line":245,"column":8},"end":{"line":245,"column":89}},"89":{"start":{"line":246,"column":8},"end":{"line":246,"column":38}},"90":{"start":{"line":248,"column":8},"end":{"line":248,"column":94}},"91":{"start":{"line":249,"column":8},"end":{"line":249,"column":100}},"92":{"start":{"line":250,"column":8},"end":{"line":250,"column":86}},"93":{"start":{"line":253,"column":8},"end":{"line":256,"column":9}},"94":{"start":{"line":254,"column":12},"end":{"line":254,"column":99}},"95":{"start":{"line":255,"column":12},"end":{"line":255,"column":90}},"96":{"start":{"line":260,"column":26},"end":{"line":260,"column":65}},"97":{"start":{"line":261,"column":8},"end":{"line":261,"column":33}},"98":{"start":{"line":263,"column":8},"end":{"line":270,"column":11}},"99":{"start":{"line":264,"column":12},"end":{"line":269,"column":28}},"100":{"start":{"line":265,"column":29},"end":{"line":265,"column":58}},"101":{"start":{"line":266,"column":16},"end":{"line":266,"column":48}},"102":{"start":{"line":267,"column":16},"end":{"line":267,"column":85}},"103":{"start":{"line":268,"column":16},"end":{"line":268,"column":44}},"104":{"start":{"line":274,"column":8},"end":{"line":284,"column":9}},"105":{"start":{"line":275,"column":12},"end":{"line":282,"column":14}},"106":{"start":{"line":283,"column":12},"end":{"line":283,"column":37}},"107":{"start":{"line":287,"column":8},"end":{"line":287,"column":86}},"108":{"start":{"line":288,"column":8},"end":{"line":288,"column":99}},"109":{"start":{"line":289,"column":8},"end":{"line":289,"column":92}},"110":{"start":{"line":294,"column":8},"end":{"line":296,"column":11}},"111":{"start":{"line":295,"column":12},"end":{"line":295,"column":44}},"112":{"start":{"line":297,"column":8},"end":{"line":297,"column":78}},"113":{"start":{"line":299,"column":8},"end":{"line":299,"column":51}},"114":{"start":{"line":302,"column":35},"end":{"line":306,"column":9}},"115":{"start":{"line":308,"column":8},"end":{"line":308,"column":54}},"116":{"start":{"line":312,"column":20},"end":{"line":312,"column":74}},"117":{"start":{"line":313,"column":8},"end":{"line":350,"column":11}},"118":{"start":{"line":354,"column":8},"end":{"line":354,"column":28}},"119":{"start":{"line":356,"column":8},"end":{"line":380,"column":17}},"120":{"start":{"line":357,"column":30},"end":{"line":357,"column":87}},"121":{"start":{"line":358,"column":12},"end":{"line":358,"column":32}},"122":{"start":{"line":361,"column":36},"end":{"line":361,"column":61}},"123":{"start":{"line":362,"column":12},"end":{"line":379,"column":15}},"124":{"start":{"line":384,"column":33},"end":{"line":386,"column":21}},"125":{"start":{"line":385,"column":12},"end":{"line":385,"column":67}},"126":{"start":{"line":388,"column":21},"end":{"line":388,"column":73}},"127":{"start":{"line":389,"column":20},"end":{"line":389,"column":52}},"128":{"start":{"line":390,"column":18},"end":{"line":390,"column":45}},"129":{"start":{"line":391,"column":8},"end":{"line":391,"column":21}},"130":{"start":{"line":392,"column":8},"end":{"line":392,"column":78}},"131":{"start":{"line":393,"column":8},"end":{"line":393,"column":37}},"132":{"start":{"line":394,"column":8},"end":{"line":394,"column":18}},"133":{"start":{"line":395,"column":8},"end":{"line":395,"column":37}},"134":{"start":{"line":396,"column":8},"end":{"line":396,"column":40}},"135":{"start":{"line":398,"column":8},"end":{"line":398,"column":97}},"136":{"start":{"line":402,"column":8},"end":{"line":402,"column":64}},"137":{"start":{"line":403,"column":8},"end":{"line":403,"column":94}},"138":{"start":{"line":408,"column":8},"end":{"line":412,"column":10}},"139":{"start":{"line":416,"column":8},"end":{"line":416,"column":58}},"140":{"start":{"line":421,"column":0},"end":{"line":423,"column":3}},"141":{"start":{"line":422,"column":4},"end":{"line":422,"column":57}}},"fnMap":{"0":{"name":"(anonymous_0)","decl":{"start":{"line":3,"column":4},"end":{"line":3,"column":5}},"loc":{"start":{"line":3,"column":18},"end":{"line":24,"column":5}},"line":3},"1":{"name":"(anonymous_1)","decl":{"start":{"line":26,"column":4},"end":{"line":26,"column":5}},"loc":{"start":{"line":26,"column":11},"end":{"line":30,"column":5}},"line":26},"2":{"name":"(anonymous_2)","decl":{"start":{"line":32,"column":4},"end":{"line":32,"column":5}},"loc":{"start":{"line":32,"column":26},"end":{"line":79,"column":5}},"line":32},"3":{"name":"(anonymous_3)","decl":{"start":{"line":34,"column":72},"end":{"line":34,"column":73}},"loc":{"start":{"line":34,"column":79},"end":{"line":36,"column":9}},"line":34},"4":{"name":"(anonymous_4)","decl":{"start":{"line":39,"column":69},"end":{"line":39,"column":70}},"loc":{"start":{"line":39,"column":75},"end":{"line":41,"column":9}},"line":39},"5":{"name":"(anonymous_5)","decl":{"start":{"line":44,"column":74},"end":{"line":44,"column":75}},"loc":{"start":{"line":44,"column":81},"end":{"line":49,"column":9}},"line":44},"6":{"name":"(anonymous_6)","decl":{"start":{"line":52,"column":57},"end":{"line":52,"column":58}},"loc":{"start":{"line":52,"column":65},"end":{"line":58,"column":9}},"line":52},"7":{"name":"(anonymous_7)","decl":{"start":{"line":53,"column":43},"end":{"line":53,"column":44}},"loc":{"start":{"line":53,"column":50},"end":{"line":57,"column":13}},"line":53},"8":{"name":"(anonymous_8)","decl":{"start":{"line":61,"column":60},"end":{"line":61,"column":61}},"loc":{"start":{"line":61,"column":68},"end":{"line":65,"column":9}},"line":61},"9":{"name":"(anonymous_9)","decl":{"start":{"line":62,"column":43},"end":{"line":62,"column":44}},"loc":{"start":{"line":62,"column":50},"end":{"line":64,"column":13}},"line":62},"10":{"name":"(anonymous_10)","decl":{"start":{"line":68,"column":79},"end":{"line":68,"column":80}},"loc":{"start":{"line":68,"column":85},"end":{"line":70,"column":9}},"line":68},"11":{"name":"(anonymous_11)","decl":{"start":{"line":72,"column":80},"end":{"line":72,"column":81}},"loc":{"start":{"line":72,"column":86},"end":{"line":74,"column":9}},"line":72},"12":{"name":"(anonymous_12)","decl":{"start":{"line":76,"column":74},"end":{"line":76,"column":75}},"loc":{"start":{"line":76,"column":80},"end":{"line":78,"column":9}},"line":76},"13":{"name":"(anonymous_13)","decl":{"start":{"line":81,"column":4},"end":{"line":81,"column":5}},"loc":{"start":{"line":81,"column":21},"end":{"line":85,"column":5}},"line":81},"14":{"name":"(anonymous_14)","decl":{"start":{"line":87,"column":4},"end":{"line":87,"column":5}},"loc":{"start":{"line":87,"column":29},"end":{"line":95,"column":5}},"line":87},"15":{"name":"(anonymous_15)","decl":{"start":{"line":97,"column":4},"end":{"line":97,"column":5}},"loc":{"start":{"line":97,"column":33},"end":{"line":139,"column":5}},"line":97},"16":{"name":"(anonymous_16)","decl":{"start":{"line":128,"column":30},"end":{"line":128,"column":31}},"loc":{"start":{"line":128,"column":39},"end":{"line":138,"column":9}},"line":128},"17":{"name":"(anonymous_17)","decl":{"start":{"line":133,"column":43},"end":{"line":133,"column":44}},"loc":{"start":{"line":133,"column":49},"end":{"line":136,"column":13}},"line":133},"18":{"name":"(anonymous_18)","decl":{"start":{"line":141,"column":4},"end":{"line":141,"column":5}},"loc":{"start":{"line":141,"column":24},"end":{"line":180,"column":5}},"line":141},"19":{"name":"(anonymous_19)","decl":{"start":{"line":182,"column":4},"end":{"line":182,"column":5}},"loc":{"start":{"line":182,"column":28},"end":{"line":198,"column":5}},"line":182},"20":{"name":"(anonymous_20)","decl":{"start":{"line":200,"column":4},"end":{"line":200,"column":5}},"loc":{"start":{"line":200,"column":29},"end":{"line":216,"column":5}},"line":200},"21":{"name":"(anonymous_21)","decl":{"start":{"line":218,"column":4},"end":{"line":218,"column":5}},"loc":{"start":{"line":218,"column":19},"end":{"line":220,"column":5}},"line":218},"22":{"name":"(anonymous_22)","decl":{"start":{"line":222,"column":4},"end":{"line":222,"column":5}},"loc":{"start":{"line":222,"column":19},"end":{"line":224,"column":5}},"line":222},"23":{"name":"(anonymous_23)","decl":{"start":{"line":226,"column":4},"end":{"line":226,"column":5}},"loc":{"start":{"line":226,"column":28},"end":{"line":240,"column":5}},"line":226},"24":{"name":"(anonymous_24)","decl":{"start":{"line":242,"column":4},"end":{"line":242,"column":5}},"loc":{"start":{"line":242,"column":22},"end":{"line":257,"column":5}},"line":242},"25":{"name":"(anonymous_25)","decl":{"start":{"line":259,"column":4},"end":{"line":259,"column":5}},"loc":{"start":{"line":259,"column":30},"end":{"line":271,"column":5}},"line":259},"26":{"name":"(anonymous_26)","decl":{"start":{"line":263,"column":25},"end":{"line":263,"column":26}},"loc":{"start":{"line":263,"column":45},"end":{"line":270,"column":9}},"line":263},"27":{"name":"(anonymous_27)","decl":{"start":{"line":264,"column":23},"end":{"line":264,"column":24}},"loc":{"start":{"line":264,"column":29},"end":{"line":269,"column":13}},"line":264},"28":{"name":"(anonymous_28)","decl":{"start":{"line":273,"column":4},"end":{"line":273,"column":5}},"loc":{"start":{"line":273,"column":33},"end":{"line":290,"column":5}},"line":273},"29":{"name":"(anonymous_29)","decl":{"start":{"line":292,"column":4},"end":{"line":292,"column":5}},"loc":{"start":{"line":292,"column":27},"end":{"line":309,"column":5}},"line":292},"30":{"name":"(anonymous_30)","decl":{"start":{"line":294,"column":60},"end":{"line":294,"column":61}},"loc":{"start":{"line":294,"column":68},"end":{"line":296,"column":9}},"line":294},"31":{"name":"(anonymous_31)","dec
[...]
ine":174,"column":93}},"54":{"start":{"line":177,"column":8},"end":{"line":179,"column":9}},"55":{"start":{"line":178,"column":12},"end":{"line":178,"column":33}},"56":{"start":{"line":184,"column":8},"end":{"line":186,"column":11}},"57":{"start":{"line":185,"column":12},"end":{"line":185,"column":47}},"58":{"start":{"line":189,"column":8},"end":{"line":189,"column":83}},"59":{"start":{"line":192,"column":8},"end":{"line":192,"column":33}},"60":{"start":{"line":195,"column":8},"end":{"line":202,"column":11}},"61":{"start":{"line":196,"column":28},"end":{"line":196,"column":55}},"62":{"start":{"line":197,"column":12},"end":{"line":201,"column":13}},"63":{"start":{"line":198,"column":16},"end":{"line":198,"column":45}},"64":{"start":{"line":200,"column":16},"end":{"line":200,"column":48}},"65":{"start":{"line":206,"column":25},"end":{"line":206,"column":67}},"66":{"start":{"line":207,"column":8},"end":{"line":207,"column":77}},"67":{"start":{"line":211,"column":31},"end":{"line":211,"column":72}},"68":{"start":{"line":212,"column":24},"end":{"line":212,"column":90}},"69":{"start":{"line":214,"column":8},"end":{"line":221,"column":10}},"70":{"start":{"line":217,"column":118},"end":{"line":217,"column":156}},"71":{"start":{"line":226,"column":31},"end":{"line":226,"column":72}},"72":{"start":{"line":227,"column":8},"end":{"line":227,"column":47}},"73":{"start":{"line":230,"column":25},"end":{"line":236,"column":9}},"74":{"start":{"line":238,"column":27},"end":{"line":238,"column":28}},"75":{"start":{"line":239,"column":32},"end":{"line":244,"column":16}},"76":{"start":{"line":240,"column":12},"end":{"line":243,"column":13}},"77":{"start":{"line":241,"column":16},"end":{"line":241,"column":95}},"78":{"start":{"line":242,"column":16},"end":{"line":242,"column":31}},"79":{"start":{"line":247,"column":8},"end":{"line":254,"column":17}},"80":{"start":{"line":248,"column":12},"end":{"line":248,"column":43}},"81":{"start":{"line":249,"column":12},"end":{"line":249,"column":54}},"82":{"start":{"line":252,"column":27},"end":{"line":252,"column":82}},"83":{"start":{"line":253,"column":12},"end":{"line":253,"column":39}},"84":{"start":{"line":258,"column":8},"end":{"line":258,"column":72}},"85":{"start":{"line":261,"column":8},"end":{"line":261,"column":64}},"86":{"start":{"line":262,"column":8},"end":{"line":262,"column":72}},"87":{"start":{"line":265,"column":8},"end":{"line":265,"column":56}},"88":{"start":{"line":269,"column":30},"end":{"line":269,"column":70}},"89":{"start":{"line":270,"column":8},"end":{"line":270,"column":45}},"90":{"start":{"line":271,"column":8},"end":{"line":271,"column":58}},"91":{"start":{"line":272,"column":8},"end":{"line":272,"column":45}},"92":{"start":{"line":275,"column":24},"end":{"line":275,"column":56}},"93":{"start":{"line":276,"column":8},"end":{"line":276,"column":46}},"94":{"start":{"line":277,"column":8},"end":{"line":277,"column":45}},"95":{"start":{"line":278,"column":8},"end":{"line":282,"column":10}},"96":{"start":{"line":279,"column":12},"end":{"line":279,"column":50}},"97":{"start":{"line":280,"column":12},"end":{"line":280,"column":61}},"98":{"start":{"line":281,"column":12},"end":{"line":281,"column":29}},"99":{"start":{"line":284,"column":8},"end":{"line":284,"column":85}},"100":{"start":{"line":288,"column":30},"end":{"line":288,"column":70}},"101":{"start":{"line":289,"column":25},"end":{"line":289,"column":122}},"102":{"start":{"line":291,"column":8},"end":{"line":398,"column":9}},"103":{"start":{"line":293,"column":34},"end":{"line":293,"column":36}},"104":{"start":{"line":294,"column":12},"end":{"line":298,"column":13}},"105":{"start":{"line":295,"column":16},"end":{"line":295,"column":51}},"106":{"start":{"line":296,"column":16},"end":{"line":296,"column":57}},"107":{"start":{"line":297,"column":16},"end":{"line":297,"column":39}},"108":{"start":{"line":301,"column":12},"end":{"line":351,"column":15}},"109":{"start":{"line":307,"column":32},"end":{"line":307,"column":61}},"110":{"start":{"line":310,"column":34},"end":{"line":310,"column":46}},"111":{"start":{"line":311,"column":28},"end":{"line":315,"column":18}},"112":{"start":{"line":318,"column":33},"end":{"line":318,"column":36}},"113":{"start":{"line":319,"column":35},"end":{"line":319,"column":38}},"114":{"start":{"line":320,"column":34},"end":{"line":320,"column":75}},"115":{"start":{"line":321,"column":33},"end":{"line":321,"column":42}},"116":{"start":{"line":322,"column":31},"end":{"line":322,"column":32}},"117":{"start":{"line":325,"column":16},"end":{"line":325,"column":79}},"118":{"start":{"line":326,"column":16},"end":{"line":326,"column":41}},"119":{"start":{"line":329,"column":16},"end":{"line":334,"column":17}},"120":{"start":{"line":330,"column":20},"end":{"line":330,"column":54}},"121":{"start":{"line":331,"column":20},"end":{"line":331,"column":34}},"122":{"start":{"line":332,"column":20},"end":{"line":332,"column":83}},"123":{"start":{"line":333,"column":20},"end":{"line":333,"column":45}},"124":{"start":{"line":337,"column":16},"end":{"line":337,"column":44}},"125":{"start":{"line":340,"column":16},"end":{"line":343,"column":17}},"126":{"start":{"line":341,"column":20},"end":{"line":341,"column":55}},"127":{"start":{"line":342,"column":20},"end":{"line":342,"column":44}},"128":{"start":{"line":345,"column":16},"end":{"line":345,"column":62}},"129":{"start":{"line":346,"column":16},"end":{"line":346,"column":65}},"130":{"start":{"line":347,"column":16},"end":{"line":350,"column":17}},"131":{"start":{"line":348,"column":20},"end":{"line":348,"column":55}},"132":{"start":{"line":349,"column":20},"end":{"line":349,"column":44}},"133":{"start":{"line":353,"column":15},"end":{"line":398,"column":9}},"134":{"start":{"line":355,"column":32},"end":{"line":380,"column":13}},"135":{"start":{"line":382,"column":25},"end":{"line":384,"column":14}},"136":{"start":{"line":387,"column":33},"end":{"line":387,"column":60}},"137":{"start":{"line":388,"column":12},"end":{"line":388,"column":58}},"138":{"start":{"line":389,"column":12},"end":{"line":389,"column":54}},"139":{"start":{"line":392,"column":12},"end":{"line":392,"column":52}},"140":{"start":{"line":393,"column":12},"end":{"line":393,"column":33}},"141":{"start":{"line":394,"column":12},"end":{"line":394,"column":52}},"142":{"start":{"line":397,"column":12},"end":{"line":397,"column":74}},"143":{"start":{"line":397,"column":29},"end":{"line":397,"column":67}},"144":{"start":{"line":402,"column":8},"end":{"line":402,"column":30}},"145":{"start":{"line":406,"column":8},"end":{"line":406,"column":29}},"146":{"start":{"line":407,"column":8},"end":{"line":419,"column":10}},"147":{"start":{"line":422,"column":8},"end":{"line":422,"column":55}},"148":{"start":{"line":423,"column":8},"end":{"line":423,"column":58}},"149":{"start":{"line":424,"column":8},"end":{"line":424,"column":61}},"150":{"start":{"line":425,"column":8},"end":{"line":425,"column":55}},"151":{"start":{"line":428,"column":8},"end":{"line":428,"column":71}},"152":{"start":{"line":429,"column":8},"end":{"line":429,"column":65}},"153":{"start":{"line":430,"column":8},"end":{"line":430,"column":26}},"154":{"start":{"line":435,"column":0},"end":{"line":437,"column":3}},"155":{"start":{"line":436,"column":4},"end":{"line":436,"column":51}}},"fnMap":{"0":{"name":"(anonymous_0)","decl":{"start":{"line":3,"column":4},"end":{"line":3,"column":5}},"loc":{"start":{"line":3,"column":18},"end":{"line":86,"column":5}},"line":3},"1":{"name":"(anonymous_1)","decl":{"start":{"line":88,"column":4},"end":{"line":88,"column":5}},"loc":{"start":{"line":88,"column":11},"end":{"line":91,"column":5}},"line":88},"2":{"name":"(anonymous_2)","decl":{"start":{"line":93,"column":4},"end":{"line":93,"column":5}},"loc":{"start":{"line":93,"column":26},"end":{"line":103,"column":5}},"line":93},"3":{"name":"(anonymous_3)","decl":{"start":{"line":95,"column":62},"end":{"line":95,"column":63}},"loc":{"start":{"line":95,"column":70},"end":{"line":97,"column":9}},"line":95},"4":{"name":"(anonymous_4)","decl":{"start":{"line":96,"column":43},"end":{"line":96,"column":44}},"loc":{"start":{"line":96,"column":50},"end":{"line":96,"column":74}},"line":96},"5":{"name":"(anonymous_5)","decl":{"start":{"line":100,"column":62},"end":{"line":100,"column":63}},"loc":{"start":{"line":100,"column":74},"end":{"line":102,"column":9}},"line":100},"6":{"name":"(anonymous_6)","decl":{"start":{"line":101,"column":48},"end":{"line":101,"column":49}},"loc":{"start":{"line":101,"column":55},"end":{"line":101,"column":75}},"line":101},"7":{"name":"(anonymous_7)","decl":{"start":{"line":105,"column":4},"end":{"line":105,"column":5}},"loc":{"start":{"line":105,"column":24},"end":{"line":117,"column":5}},"line":105},"8":{"name":"(anonymous_8)","decl":{"start":{"line":115,"column":89},"end":{"line":115,"column":90}},"loc":{"start":{"line":115,"column":94},"end":{"line":115,"column":103}},"line":115},"9":{"name":"(anonymous_9)","decl":{"start":{"line":119,"column":4},"end":{"line":119,"column":5}},"loc":{"start":{"line":119,"column":20},"end":{"line":128,"column":5}},"line":119},"10":{"name":"(anonymous_10)","decl":{"start":{"line":126,"column":79},"end":{"line":126,"column":80}},"loc":{"start":{"line":126,"column":84},"end":{"line":126,"column":95}},"line":126},"11":{"name":"(anonymous_11)","decl":{"start":{"line":130,"column":4},"end":{"line":130,"column":5}},"loc":{"start":{"line":130,"column":15},"end":{"line":138,"column":5}},"line":130},"12":{"name":"(anonymous_12)","decl":{"start":{"line":140,"column":4},"end":{"line":140,"column":5}},"loc":{"start":{"line":140,"column":19},"end":{"line":145,"column":5}},"line":140},"13":{"name":"(anonymous_13)","decl":{"start":{"line":147,"column":4},"end":{"line":147,"column":5}},"loc":{"start":{"line":147,"column":19},"end":{"line":161,"column":5}},"line":147},"14":{"name":"(anonymous_14)","decl":{"start":{"line":163,"column":4},"end":{"line":163,"column":5}},"loc":{"start":{"line":163,"column":19},"end":{"line":180,"column":5}},"line":163},"15":{"name":"(anonymous_15)","decl":{"start":{"line":182,"column":4},"end":{"line":182,"column":5}},"loc":{"start":{"line":182,"column":17},"end":{"line":203,"column":5}},"line":182},"16":{"name":"(anonymous_16)","decl":{"start":{"line":184,"column":59},"end":{"line":184,"column":60}},"loc":{"start":{"line":184,"column":70},"end":{"line":186,"column":9}},"line":184},"17":{"name":"(anonymous_17)","decl":{"start":{"line":195,"column":51},"end":{"line":195,"column":52}},"loc":{"start":{"line":195,"column":59},"end":{"line":202,"column":9}},"line":195},"18":{"name":"(anonymous_18)","decl":{"start":{"line":205,"column":4},"end":{"line":205,"column":5}},"loc":{"start":{"line":205,"column":24},"end":{"line":208,"column":5}},"line":205},"19":{"name":"(anonymous_19)","decl":{"start":{"line":210,"column":4},"end":{"line":210,"column":5}},"loc":{"start":{"line":210,"column":20},"end":{"line":222,"column":5}},"line":210},"20":{"name":"(anonymous_20)","decl":{"start":{"line":217,"column":113},"end":{"line":217,"column":114}},"loc":{"start":{"line":217,"column":118},"end":{"line":217,"column":156}},"line":217},"21":{"name":"(anonymous_21)","decl":{"start":{"line":224,"column":4},"end":{"line":224,"column":5}},"loc":{"start":{"line":224,"column":27},"end":{"line":255,"column":5}},"line":224},"22":{"name":"(anonymous_22)","decl":{"start":{"line":239,"column":44},"end":{"line":239,"column":45}},"loc":{"start":{"line":239,"column":50},"end":{"line":244,"column":9}},"line":239},"23":{"name":"(anonymous_23)","decl":{"start":{"line":247,"column":19},"end":{"line":247,"column":20}},"loc":{"start":{"line":247,"column":25},"end":{"line":254,"column":9}},"line":247},"24":{"name":"(anonymous_24)","decl":{"start":{"line":257,"column":4},"end":{"line":257,"column":5}},"loc":{"start":{"line":257,"column":30},"end":{"line":266,"column":5}},"line":257},"25":{"name":"(anonymous_25)","decl":{"start":{"line":268,"column":4},"end":{"line":268,"column":5}},"loc":{"start":{"line":268,"column":17},"end":{"line":285,"column":5}},"line":268},"26":{"name":"(anonymous_26)","decl":{"start":{"line":278,"column":26},"end":{"line":278,"column":27}},"loc":{"start":{"line":278,"column":32},"end":{"line":282,"column":9}},"line":278},"27":{"name":"(anonymous_27)","decl":{"start":{"line":287,"column":4},"end":{"line":287,"column":5}},"loc":{"start":{"line":287,"column":35},"end":{"line":399,"column":5}},"line":287},"28":{"name":"(anonymous_28)","decl":{"start":{"line":306,"column":20},"end":{"line":306,"column":21}},"loc":{"start":{"line":306,"column":30},"end":{"line":344,"column":13}},"line":306},"29":{"name":"(anonymous_29)","decl":{"start":{"line":344,"column":21},"end":{"line":344,"column":22}},"loc":{"start":{"line":344,"column":30},"end":{"line":351,"column":13}},"line":344},"30":{"name":"(anonymous_30)","decl":{"start":{"line":397,"column":23},"end":{"line":397,"column":24}},"loc":{"start":{"line":397,"column":29},"end":{"line":397,"column":67}},"line":397},"31":{"name":"(anonymous_31)","decl":{"start":{"line":401,"column":4},"end":{"line":401,"column":5}},"loc":{"start":{"line":401,"column":17},"end":{"line":403,"column":5}},"line":401},"32":{"name":"(anonymous_32)","decl":{"start":{"line":405,"column":4},"end":{"line":405,"column":5}},"loc":{"start":{"line":405,"column":16},"end":{"line":431,"column":5}},"line":405},"33":{"name":"(anonymous_33)","decl":{"start":{"line":435,"column":46},"end":{"line":435,"column":47}},"loc":{"start":{"line":435,"column":52},"end":{"line":437,"column":1}},"line":435}},"branchMap":{"0":{"loc":{"start":{"line":110,"column":8},"end":{"line":116,"column":9}},"type":"if","locations":[{"start":{"line":110,"column":8},"end":{"line":116,"column":9}},{"start":{"line":114,"column":15},"end":{"line":116,"column":9}}],"line":110},"1":{"loc":{"start":{"line":111,"column":12},"end":{"line":113,"column":13}},"type":"if","locations":[{"start":{"line":111,"column":12},"end":{"line":113,"column":13}},{"start":{},"end":{}}],"line":111},"2":{"loc":{"start":{"line":121,"column":8},"end":{"line":127,"column":9}},"type":"if","locations":[{"start":{"line":121,"column":8},"end":{"line":127,"column":9}},{"start":{"line":125,"column":15},"end":{"line":127,"column":9}}],"line":121},"3":{"loc":{"start":{"line":122,"column":12},"end":{"line":124,"column":13}},"type":"if","locations":[{"start":{"line":122,"column":12},"end":{"line":124,"column":13}},{"start":{},"end":{}}],"line":122},"4":{"loc":{"start":{"line":131,"column":8},"end":{"line":137,"column":9}},"type":"if","locations":[{"start":{"line":131,"column":8},"end":{"line":137,"column":9}},{"start":{},"end":{}}],"line":131},"5":{"loc":{"start":{"line":133,"column":12},"end":{"line":136,"column":13}},"type":"if","locations":[{"start":{"line":133,"column":12},"end":{"line":136,"column":13}},{"start":{},"end":{}}],"line":133},"6":{"loc":{"start":{"line":141,"column":8},"end":{"line":144,"column":9}},"type":"if","locations":[{"start":{"line":141,"column":8},"end":{"line":144,"column":9}},{"start":{},"end":{}}],"line":141},"7":{"loc":{"start":{"line":150,"column":8},"end":{"line":158,"column":9}},"type":"if","locations":[{"start":{"line":150,"column":8},"end":{"line":158,"column":9}},{"start":{},"end":{}}],"line":150},"8":{"loc":{"start":{"line":154,"column":12},"end":{"line":157,"column":13}},"type":"if","locations":[{"start":{"line":154,"column":12},"end":{"line":157,"column":13}},{"start":{},"end":{}}],"line":154},"9":{"loc":{"start":{"line":154,"column":16},"end":{"line":154,"column":44}},"type":"binary-expr","locations":[{"start":{"line":154,"column":16},"end":{"line":154,"column":25}},{"start":{"line":154,"column":29},"end":{"line":154,"column":44}}],"line":154},"10":{"loc":{"start":{"line":164,"column":8},"end":{"line":175,"column":9}},"type":"if","locations":[{"start":{"line":164,"column":8},"end":{"line":175,"column":9}},{"start":{"line":169,"column":15},"end":{"line":175,"column":9}}],"line":164},"11":{"loc":{"start":{"line":169,"column":15},"end":{"line":175,"column":9}},"type":"if","locations":[{"start":{"line":169,"column":15},"end":{"line":175,"column":9}},{"start":{},"end":{}}],"line":169},"12":{"loc":{"start":{"line":177,"column":8},"end":{"line":179,"column":9}},"type":"if","locations":[{"start":{"line":177,"column":8},"end":{"line":179,"column":9}},{"start":{},"end":{}}],"line":177},"13":{"loc":{"start":{"line":197,"column":12},"end":{"line":201,"column":13}},"type":"if","locations":[{"start":{"line":197,"column":12},"end":{"line":201,"column":13}},{"start":{"line":199,"column":19},"end":{"line":201,"column":13}}],"line":197},"14":{"loc":{"start":{"line":212,"column":24},"end":{"line":212,"column":90}},"type":"cond-expr","locations":[{"start":{"line":212,"column":52},"end":{"line":212,"column":85}},{"start":{"line":212,"column":88},"end":{"line":212,"column":90}}],"line":212},"15":{"loc":{"start":{"line":216,"column":67},"end":{"line":216,"column":108}},"type":"binary-expr","locations":[{"start":{"line":216,"column":67},"end":{"line":216,"column":89}},{"start":{"line":216,"column":93},"end":{"line":216,"column":108}}],"line":216},"16":{"loc":{"start":{"line":240,"column":12},"end":{"line":243,"column":13}},"type":"if","locations":[{"start":{"line":240,"column":12},"end":{"line":243,"column":13}},{"start":{},"end":{}}],"line":240},"17":{"loc":{"start":{"line":291,"column":8},"end":{"line":398,"column":9}},"type":"if","locations":[{"start":{"line":291,"column":8},"end":{"line":398,"column":9}},{"start":{"line":353,"column":15},"end":{"line":398,"column":9}}],"line":291},"18":{"loc":{"start":{"line":294,"column":12},"end":{"line":298,"column":13}},"type":"if","locations":[{"start":{"line":294,"column":12},"end":{"line":298,"column":13}},{"start":{},"end":{}}],"line":294},"19":{"loc":{"start":{"line":340,"column":16},"end":{"line":343,"column":17}},"type":"if","locations":[{"start":{"line":340,"column":16},"end":{"line":343,"column":17}},{"start":{},"end":{}}],"line":340},"20":{"loc":{"start":{"line":347,"column":16},"end":{"line":350,"column":17}},"type":"if","locations":[{"start":{"line":347,"column":16},"end":{"line":350,"column":17}},{"start":{},"end":{}}],"line":347},"21":{"loc":{"start":{"line":353,"column":15},"end":{"line":398,"column":9}},"type":"if","locations":[{"start":{"line":353,"column":15},"end":{"line":398,"column":9}},{"start":{},"end":{}}],"line":353}},"s":{"0":0,"1":0,"2":0,"3":0,"4":0,"5":0,"6":0,"7":0,"8":0,"9":0,"10":0,"11":0,"12":0,"13":0,"14":0,"15":0,"16":0,"17":0,"18":0,"19":0,"20":0,"21":0,"22":0,"23":0,"24":0,"25":0,"26":0,"27":0,"28":0,"29":0,"30":0,"31":0,"32":0,"33":0,"34":0,"35":0,"36":0,"37":0,"38":0,"39":0,"40":0,"41":0,"42":0,"43":0,"44":0,"45":0,"46":0,"47":0,"48":0,"49":0,"50":0,"51":0,"52":0,"53":0,"54":0,"55":0,"56":0,"57":0,"58":0,"59":0,"60":0,"61":0,"62":0,"63":0,"64":0,"65":0,"66":0,"67":0,"68":0,"69":0,"70":0,"71":0,"72":0,"73":0,"74":0,"75":0,"76":0,"77":0,"78":0,"79":0,"80":0,"81":0,"82":0,"83":0,"84":0,"85":0,"86":0,"87":0,"88":0,"89":0,"90":0,"91":0,"92":0,"93":0,"94":0,"95":0,"96":0,"97":0,"98":0,"99":0,"100":0,"101":0,"102":0,"103":0,"104":0,"105":0,"106":0,"107":0,"108":0,"109":0,"110":0,"111":0,"112":0,"113":0,"114":0,"115":0,"116":0,"117":0,"118":0,"119":0,"120":0,"121":0,"122":0,"123":0,"124":0,"125":0,"126":0,"127":0,"128":0,"129":0,"130":0,"131":0,"132":0,"133":0,"134":0,"135":0,"136":0,"137":0,"138":0,"139":0,"140":0,"141":0,"142":0,"143":0,"144":0,"145":0,"146":0,"147":0,"148":0,"149":0,"150":0,"151":0,"152":0,"153":0,"154":0,"155":0},"f":{"0":0,"1":0,"2":0,"3":0,"4":0,"5":0,"6":0,"7":0,"8":0,"9":0,"10":0,"11":0,"12":0,"13":0,"14":0,"15":0,"16":0,"17":0,"18":0,"19":0,"20":0,"21":0,"22":0,"23":0,"24":0,"25":0,"26":0,"27":0,"28":0,"29":0,"30":0,"31":0,"32":0,"33":0},"b":{"0":[0,0],"1":[0,0],"2":[0,0],"3":[0,0],"4":[0,0],"5":[0,0],"6":[0,0],"7":[0,0],"8":[0,0],"9":[0,0],"10":[0,0],"11":[0,0],"12":[0,0],"13":[0,0],"14":[0,0],"15":[0,0],"16":[0,0],"17":[0,0],"18":[0,0],"19":[0,0],"20":[0,0],"21":[0,0]}}
}
