TN:
SF:chatbot.js
FN:2,(anonymous_0)
FN:91,(anonymous_1)
FN:97,(anonymous_2)
FN:98,(anonymous_3)
FN:99,(anonymous_4)
FN:101,(anonymous_5)
FN:108,(anonymous_6)
FN:117,(anonymous_7)
FN:122,(anonymous_8)
FN:130,(anonymous_9)
FN:134,(anonymous_10)
FN:137,(anonymous_11)
FN:143,(anonymous_12)
FN:155,(anonymous_13)
FN:162,(anonymous_14)
FN:171,(anonymous_15)
FN:177,(anonymous_16)
FN:182,(anonymous_17)
FN:186,(anonymous_18)
FN:331,sendQuickMessage
FN:354,(anonymous_20)
FNF:21
FNH:0
FNDA:0,(anonymous_0)
FNDA:0,(anonymous_1)
FNDA:0,(anonymous_2)
FNDA:0,(anonymous_3)
FNDA:0,(anonymous_4)
FNDA:0,(anonymous_5)
FNDA:0,(anonymous_6)
FNDA:0,(anonymous_7)
FNDA:0,(anonymous_8)
FNDA:0,(anonymous_9)
FNDA:0,(anonymous_10)
FNDA:0,(anonymous_11)
FNDA:0,(anonymous_12)
FNDA:0,(anonymous_13)
FNDA:0,(anonymous_14)
FNDA:0,(anonymous_15)
FNDA:0,(anonymous_16)
FNDA:0,(anonymous_17)
FNDA:0,(anonymous_18)
FNDA:0,sendQuickMessage
FNDA:0,(anonymous_20)
DA:3,0
DA:4,0
DA:5,0
DA:6,0
DA:7,0
DA:8,0
DA:9,0
DA:11,0
DA:12,0
DA:15,0
DA:88,0
DA:92,0
DA:93,0
DA:94,0
DA:97,0
DA:98,0
DA:99,0
DA:101,0
DA:102,0
DA:103,0
DA:104,0
DA:108,0
DA:109,0
DA:110,0
DA:114,0
DA:118,0
DA:119,0
DA:123,0
DA:124,0
DA:126,0
DA:131,0
DA:132,0
DA:133,0
DA:134,0
DA:138,0
DA:139,0
DA:140,0
DA:144,0
DA:145,0
DA:147,0
DA:148,0
DA:149,0
DA:150,0
DA:152,0
DA:155,0
DA:156,0
DA:157,0
DA:158,0
DA:163,0
DA:164,0
DA:165,0
DA:167,0
DA:168,0
DA:172,0
DA:173,0
DA:174,0
DA:178,0
DA:179,0
DA:183,0
DA:187,0
DA:190,0
DA:191,0
DA:204,0
DA:205,0
DA:223,0
DA:224,0
DA:236,0
DA:237,0
DA:261,0
DA:262,0
DA:287,0
DA:288,0
DA:305,0
DA:306,0
DA:319,0
DA:325,0
DA:332,0
DA:333,0
DA:334,0
DA:335,0
DA:336,0
DA:337,0
DA:343,0
DA:344,0
DA:348,0
DA:349,0
DA:354,0
DA:355,0
LF:88
LH:0
BRDA:92,0,0,0
BRDA:92,0,1,0
BRDA:102,1,0,0
BRDA:102,1,1,0
BRDA:102,2,0,0
BRDA:102,2,1,0
BRDA:123,3,0,0
BRDA:123,3,1,0
BRDA:145,4,0,0
BRDA:145,4,1,0
BRDA:145,5,0,0
BRDA:145,5,1,0
BRDA:190,6,0,0
BRDA:190,6,1,0
BRDA:190,7,0,0
BRDA:190,7,1,0
BRDA:190,7,2,0
BRDA:204,8,0,0
BRDA:204,8,1,0
BRDA:204,9,0,0
BRDA:204,9,1,0
BRDA:204,9,2,0
BRDA:223,10,0,0
BRDA:223,10,1,0
BRDA:223,11,0,0
BRDA:223,11,1,0
BRDA:223,11,2,0
BRDA:236,12,0,0
BRDA:236,12,1,0
BRDA:236,13,0,0
BRDA:236,13,1,0
BRDA:236,13,2,0
BRDA:236,13,3,0
BRDA:261,14,0,0
BRDA:261,14,1,0
BRDA:261,15,0,0
BRDA:261,15,1,0
BRDA:261,15,2,0
BRDA:287,16,0,0
BRDA:287,16,1,0
BRDA:287,17,0,0
BRDA:287,17,1,0
BRDA:287,17,2,0
BRDA:305,18,0,0
BRDA:305,18,1,0
BRDA:305,19,0,0
BRDA:305,19,1,0
BRDA:305,19,2,0
BRDA:334,20,0,0
BRDA:334,20,1,0
BRDA:334,21,0,0
BRDA:334,21,1,0
BRDA:343,22,0,0
BRDA:343,22,1,0
BRDA:348,23,0,0
BRDA:348,23,1,0
BRDA:348,24,0,0
BRDA:348,24,1,0
BRF:58
BRH:0
end_of_record
TN:
SF:e2e.spec.js
FN:9,(anonymous_0)
FN:10,(anonymous_1)
FN:16,(anonymous_2)
FN:26,(anonymous_3)
FN:36,(anonymous_4)
FN:46,(anonymous_5)
FN:56,(anonymous_6)
FN:72,(anonymous_7)
FN:81,(anonymous_8)
FN:98,(anonymous_9)
FN:111,(anonymous_10)
FN:118,(anonymous_11)
FN:131,(anonymous_12)
FN:138,(anonymous_13)
FN:151,(anonymous_14)
FN:164,(anonymous_15)
FN:177,(anonymous_16)
FN:182,(anonymous_17)
FN:193,(anonymous_18)
FN:202,(anonymous_19)
FN:212,(anonymous_20)
FN:222,(anonymous_21)
FN:229,(anonymous_22)
FN:236,(anonymous_23)
FN:247,(anonymous_24)
FN:248,(anonymous_25)
FN:258,(anonymous_26)
FN:268,(anonymous_27)
FN:278,(anonymous_28)
FN:279,(anonymous_29)
FN:286,(anonymous_30)
FN:290,(anonymous_31)
FN:295,(anonymous_32)
FNF:33
FNH:0
FNDA:0,(anonymous_0)
FNDA:0,(anonymous_1)
FNDA:0,(anonymous_2)
FNDA:0,(anonymous_3)
FNDA:0,(anonymous_4)
FNDA:0,(anonymous_5)
FNDA:0,(anonymous_6)
FNDA:0,(anonymous_7)
FNDA:0,(anonymous_8)
FNDA:0,(anonymous_9)
FNDA:0,(anonymous_10)
FNDA:0,(anonymous_11)
FNDA:0,(anonymous_12)
FNDA:0,(anonymous_13)
FNDA:0,(anonymous_14)
FNDA:0,(anonymous_15)
FNDA:0,(anonymous_16)
FNDA:0,(anonymous_17)
FNDA:0,(anonymous_18)
FNDA:0,(anonymous_19)
FNDA:0,(anonymous_20)
FNDA:0,(anonymous_21)
FNDA:0,(anonymous_22)
FNDA:0,(anonymous_23)
FNDA:0,(anonymous_24)
FNDA:0,(anonymous_25)
FNDA:0,(anonymous_26)
FNDA:0,(anonymous_27)
FNDA:0,(anonymous_28)
FNDA:0,(anonymous_29)
FNDA:0,(anonymous_30)
FNDA:0,(anonymous_31)
FNDA:0,(anonymous_32)
DA:6,0
DA:9,0
DA:10,0
DA:12,0
DA:13,0
DA:16,0
DA:18,0
DA:21,0
DA:22,0
DA:23,0
DA:26,0
DA:28,0
DA:29,0
DA:32,0
DA:33,0
DA:36,0
DA:37,0
DA:40,0
DA:43,0
DA:46,0
DA:48,0
DA:49,0
DA:52,0
DA:53,0
DA:56,0
DA:58,0
DA:61,0
DA:64,0
DA:67,0
DA:68,0
DA:71,0
DA:72,0
DA:77,0
DA:78,0
DA:81,0
DA:83,0
DA:84,0
DA:87,0
DA:90,0
DA:91,0
DA:94,0
DA:95,0
DA:98,0
DA:100,0
DA:103,0
DA:106,0
DA:107,0
DA:108,0
DA:111,0
DA:113,0
DA:114,0
DA:117,0
DA:118,0
DA:123,0
DA:124,0
DA:127,0
DA:128,0
DA:131,0
DA:133,0
DA:134,0
DA:137,0
DA:138,0
DA:143,0
DA:144,0
DA:147,0
DA:148,0
DA:151,0
DA:153,0
DA:156,0
DA:159,0
DA:160,0
DA:161,0
DA:164,0
DA:166,0
DA:169,0
DA:170,0
DA:173,0
DA:174,0
DA:177,0
DA:179,0
DA:180,0
DA:181,0
DA:182,0
DA:187,0
DA:190,0
DA:191,0
DA:192,0
DA:193,0
DA:198,0
DA:199,0
DA:202,0
DA:204,0
DA:205,0
DA:208,0
DA:209,0
DA:212,0
DA:214,0
DA:215,0
DA:218,0
DA:219,0
DA:222,0
DA:223,0
DA:224,0
DA:226,0
DA:229,0
DA:231,0
DA:232,0
DA:235,0
DA:236,0
DA:241,0
DA:242,0
DA:243,0
DA:247,0
DA:248,0
DA:249,0
DA:250,0
DA:251,0
DA:252,0
DA:255,0
DA:258,0
DA:259,0
DA:262,0
DA:264,0
DA:265,0
DA:267,0
DA:268,0
DA:271,0
DA:274,0
DA:278,0
DA:279,0
DA:280,0
DA:283,0
DA:286,0
DA:287,0
DA:290,0
DA:291,0
DA:294,0
DA:295,0
DA:296,0
DA:297,0
DA:299,0
LF:141
LH:0
BRDA:297,0,0,0
BRDA:297,0,1,0
BRF:2
BRH:0
end_of_record
TN:
SF:portfolio-agent-engine.js
FN:5,(anonymous_0)
FN:140,(anonymous_1)
FN:179,(anonymous_2)
FN:185,(anonymous_3)
FN:195,(anonymous_4)
FN:204,(anonymous_5)
FN:205,(anonymous_6)
FN:209,(anonymous_7)
FN:219,(anonymous_8)
FN:251,(anonymous_9)
FN:275,(anonymous_10)
FN:315,(anonymous_11)
FN:359,(anonymous_12)
FN:380,(anonymous_13)
FN:400,(anonymous_14)
FN:425,(anonymous_15)
FN:442,(anonymous_16)
FN:449,(anonymous_17)
FNF:18
FNH:0
FNDA:0,(anonymous_0)
FNDA:0,(anonymous_1)
FNDA:0,(anonymous_2)
FNDA:0,(anonymous_3)
FNDA:0,(anonymous_4)
FNDA:0,(anonymous_5)
FNDA:0,(anonymous_6)
FNDA:0,(anonymous_7)
FNDA:0,(anonymous_8)
FNDA:0,(anonymous_9)
FNDA:0,(anonymous_10)
FNDA:0,(anonymous_11)
FNDA:0,(anonymous_12)
FNDA:0,(anonymous_13)
FNDA:0,(anonymous_14)
FNDA:0,(anonymous_15)
FNDA:0,(anonymous_16)
FNDA:0,(anonymous_17)
DA:6,0
DA:131,0
DA:142,0
DA:143,0
DA:146,0
DA:156,0
DA:157,0
DA:158,0
DA:159,0
DA:160,0
DA:161,0
DA:162,0
DA:163,0
DA:167,0
DA:168,0
DA:172,0
DA:173,0
DA:176,0
DA:180,0
DA:181,0
DA:182,0
DA:184,0
DA:185,0
DA:186,0
DA:187,0
DA:188,0
DA:192,0
DA:196,0
DA:202,0
DA:204,0
DA:205,0
DA:206,0
DA:210,0
DA:211,0
DA:214,0
DA:215,0
DA:216,0
DA:217,0
DA:218,0
DA:219,0
DA:220,0
DA:222,0
DA:224,0
DA:225,0
DA:226,0
DA:227,0
DA:228,0
DA:229,0
DA:231,0
DA:232,0
DA:233,0
DA:234,0
DA:235,0
DA:236,0
DA:237,0
DA:238,0
DA:239,0
DA:240,0
DA:241,0
DA:242,0
DA:243,0
DA:244,0
DA:245,0
DA:246,0
DA:247,0
DA:248,0
DA:249,0
DA:250,0
DA:251,0
DA:252,0
DA:254,0
DA:255,0
DA:258,0
DA:259,0
DA:260,0
DA:261,0
DA:262,0
DA:263,0
DA:266,0
DA:276,0
DA:277,0
DA:279,0
DA:280,0
DA:281,0
DA:282,0
DA:283,0
DA:284,0
DA:285,0
DA:286,0
DA:287,0
DA:288,0
DA:289,0
DA:290,0
DA:291,0
DA:292,0
DA:293,0
DA:294,0
DA:295,0
DA:296,0
DA:298,0
DA:299,0
DA:300,0
DA:301,0
DA:302,0
DA:303,0
DA:304,0
DA:307,0
DA:316,0
DA:317,0
DA:319,0
DA:320,0
DA:321,0
DA:322,0
DA:323,0
DA:324,0
DA:325,0
DA:326,0
DA:327,0
DA:328,0
DA:329,0
DA:330,0
DA:331,0
DA:332,0
DA:333,0
DA:334,0
DA:335,0
DA:336,0
DA:337,0
DA:338,0
DA:339,0
DA:341,0
DA:342,0
DA:343,0
DA:344,0
DA:345,0
DA:346,0
DA:347,0
DA:348,0
DA:351,0
DA:360,0
DA:361,0
DA:362,0
DA:363,0
DA:364,0
DA:365,0
DA:366,0
DA:367,0
DA:368,0
DA:369,0
DA:370,0
DA:372,0
DA:381,0
DA:383,0
DA:384,0
DA:385,0
DA:386,0
DA:387,0
DA:388,0
DA:389,0
DA:390,0
DA:391,0
DA:392,0
DA:393,0
DA:394,0
DA:397,0
DA:402,0
DA:412,0
DA:413,0
DA:414,0
DA:415,0
DA:417,0
DA:418,0
DA:419,0
DA:422,0
DA:426,0
DA:427,0
DA:429,0
DA:430,0
DA:431,0
DA:433,0
DA:434,0
DA:435,0
DA:436,0
DA:437,0
DA:440,0
DA:441,0
DA:442,0
DA:443,0
DA:445,0
DA:447,0
DA:448,0
DA:449,0
DA:450,0
DA:452,0
DA:454,0
DA:455,0
DA:456,0
DA:457,0
DA:458,0
DA:459,0
DA:461,0
DA:466,0
LF:202
LH:0
BRDA:156,0,0,0
BRDA:156,0,1,0
BRDA:158,1,0,0
BRDA:158,1,1,0
BRDA:160,2,0,0
BRDA:160,2,1,0
BRDA:162,3,0,0
BRDA:162,3,1,0
BRDA:167,4,0,0
BRDA:167,4,1,0
BRDA:172,5,0,0
BRDA:172,5,1,0
BRDA:172,6,0,0
BRDA:172,6,1,0
BRDA:172,6,2,0
BRDA:186,7,0,0
BRDA:186,7,1,0
BRDA:204,8,0,0
BRDA:204,8,1,0
BRDA:205,9,0,0
BRDA:205,9,1,0
BRDA:214,10,0,0
BRDA:214,10,1,0
BRDA:214,11,0,0
BRDA:214,11,1,0
BRDA:224,12,0,0
BRDA:224,12,1,0
BRDA:231,13,0,0
BRDA:231,13,1,0
BRDA:240,14,0,0
BRDA:240,14,1,0
BRDA:240,15,0,0
BRDA:240,15,1,0
BRDA:248,16,0,0
BRDA:248,16,1,0
BRDA:248,17,0,0
BRDA:248,17,1,0
BRDA:271,18,0,0
BRDA:271,18,1,0
BRDA:279,19,0,0
BRDA:279,19,1,0
BRDA:288,20,0,0
BRDA:288,20,1,0
BRDA:288,21,0,0
BRDA:288,21,1,0
BRDA:319,22,0,0
BRDA:319,22,1,0
BRDA:319,23,0,0
BRDA:319,23,1,0
BRDA:329,24,0,0
BRDA:329,24,1,0
BRDA:329,25,0,0
BRDA:329,25,1,0
BRDA:383,26,0,0
BRDA:383,26,1,0
BRDA:387,27,0,0
BRDA:387,27,1,0
BRDA:391,28,0,0
BRDA:391,28,1,0
BRDA:413,29,0,0
BRDA:413,29,1,0
BRDA:417,30,0,0
BRDA:417,30,1,0
BRDA:426,31,0,0
BRDA:426,31,1,0
BRDA:434,32,0,0
BRDA:434,32,1,0
BRDA:436,33,0,0
BRDA:436,33,1,0
BRF:69
BRH:0
end_of_record
TN:
SF:portfolio-assistant.js
FN:3,(anonymous_0)
FN:26,(anonymous_1)
FN:32,(anonymous_2)
FN:34,(anonymous_3)
FN:39,(anonymous_4)
FN:44,(anonymous_5)
FN:52,(anonymous_6)
FN:53,(anonymous_7)
FN:61,(anonymous_8)
FN:62,(anonymous_9)
FN:68,(anonymous_10)
FN:72,(anonymous_11)
FN:76,(anonymous_12)
FN:81,(anonymous_13)
FN:87,(anonymous_14)
FN:97,(anonymous_15)
FN:128,(anonymous_16)
FN:133,(anonymous_17)
FN:141,(anonymous_18)
FN:182,(anonymous_19)
FN:200,(anonymous_20)
FN:218,(anonymous_21)
FN:222,(anonymous_22)
FN:226,(anonymous_23)
FN:242,(anonymous_24)
FN:259,(anonymous_25)
FN:263,(anonymous_26)
FN:264,(anonymous_27)
FN:273,(anonymous_28)
FN:292,(anonymous_29)
FN:294,(anonymous_30)
FN:311,(anonymous_31)
FN:353,(anonymous_32)
FN:356,(anonymous_33)
FN:383,(anonymous_34)
FN:384,(anonymous_35)
FN:401,(anonymous_36)
FN:406,(anonymous_37)
FN:415,(anonymous_38)
FN:421,(anonymous_39)
FNF:40
FNH:0
FNDA:0,(anonymous_0)
FNDA:0,(anonymous_1)
FNDA:0,(anonymous_2)
FNDA:0,(anonymous_3)
FNDA:0,(anonymous_4)
FNDA:0,(anonymous_5)
FNDA:0,(anonymous_6)
FNDA:0,(anonymous_7)
FNDA:0,(anonymous_8)
FNDA:0,(anonymous_9)
FNDA:0,(anonymous_10)
FNDA:0,(anonymous_11)
FNDA:0,(anonymous_12)
FNDA:0,(anonymous_13)
FNDA:0,(anonymous_14)
FNDA:0,(anonymous_15)
FNDA:0,(anonymous_16)
FNDA:0,(anonymous_17)
FNDA:0,(anonymous_18)
FNDA:0,(anonymous_19)
FNDA:0,(anonymous_20)
FNDA:0,(anonymous_21)
FNDA:0,(anonymous_22)
FNDA:0,(anonymous_23)
FNDA:0,(anonymous_24)
FNDA:0,(anonymous_25)
FNDA:0,(anonymous_26)
FNDA:0,(anonymous_27)
FNDA:0,(anonymous_28)
FNDA:0,(anonymous_29)
FNDA:0,(anonymous_30)
FNDA:0,(anonymous_31)
FNDA:0,(anonymous_32)
FNDA:0,(anonymous_33)
FNDA:0,(anonymous_34)
FNDA:0,(anonymous_35)
FNDA:0,(anonymous_36)
FNDA:0,(anonymous_37)
FNDA:0,(anonymous_38)
FNDA:0,(anonymous_39)
DA:4,0
DA:5,0
DA:14,0
DA:22,0
DA:23,0
DA:27,0
DA:28,0
DA:29,0
DA:34,0
DA:35,0
DA:39,0
DA:40,0
DA:44,0
DA:45,0
DA:46,0
DA:47,0
DA:52,0
DA:53,0
DA:54,0
DA:55,0
DA:56,0
DA:61,0
DA:62,0
DA:63,0
DA:68,0
DA:69,0
DA:72,0
DA:73,0
DA:76,0
DA:77,0
DA:82,0
DA:83,0
DA:84,0
DA:88,0
DA:94,0
DA:98,0
DA:125,0
DA:126,0
DA:128,0
DA:129,0
DA:130,0
DA:131,0
DA:132,0
DA:133,0
DA:134,0
DA:135,0
DA:137,0
DA:142,0
DA:143,0
DA:145,0
DA:148,0
DA:149,0
DA:152,0
DA:155,0
DA:162,0
DA:165,0
DA:168,0
DA:169,0
DA:172,0
DA:173,0
DA:177,0
DA:178,0
DA:183,0
DA:184,0
DA:185,0
DA:186,0
DA:190,0
DA:191,0
DA:193,0
DA:201,0
DA:202,0
DA:203,0
DA:204,0
DA:208,0
DA:209,0
DA:211,0
DA:219,0
DA:223,0
DA:227,0
DA:228,0
DA:231,0
DA:232,0
DA:235,0
DA:236,0
DA:239,0
DA:243,0
DA:244,0
DA:245,0
DA:246,0
DA:248,0
DA:249,0
DA:250,0
DA:253,0
DA:254,0
DA:255,0
DA:260,0
DA:261,0
DA:263,0
DA:264,0
DA:265,0
DA:266,0
DA:267,0
DA:268,0
DA:274,0
DA:275,0
DA:283,0
DA:287,0
DA:288,0
DA:289,0
DA:294,0
DA:295,0
DA:297,0
DA:299,0
DA:302,0
DA:308,0
DA:312,0
DA:313,0
DA:354,0
DA:356,0
DA:357,0
DA:358,0
DA:361,0
DA:362,0
DA:384,0
DA:385,0
DA:388,0
DA:389,0
DA:390,0
DA:391,0
DA:392,0
DA:393,0
DA:394,0
DA:395,0
DA:396,0
DA:398,0
DA:402,0
DA:403,0
DA:408,0
DA:416,0
DA:421,0
DA:422,0
LF:141
LH:0
BRDA:45,0,0,0
BRDA:45,0,1,0
BRDA:45,1,0,0
BRDA:45,1,1,0
BRDA:132,2,0,0
BRDA:132,2,1,0
BRDA:145,3,0,0
BRDA:145,3,1,0
BRDA:172,4,0,0
BRDA:172,4,1,0
BRDA:177,5,0,0
BRDA:177,5,1,0
BRDA:227,6,0,0
BRDA:227,6,1,0
BRDA:231,7,0,0
BRDA:231,7,1,0
BRDA:235,8,0,0
BRDA:235,8,1,0
BRDA:239,9,0,0
BRDA:239,9,1,0
BRDA:253,10,0,0
BRDA:253,10,1,0
BRDA:274,11,0,0
BRDA:274,11,1,0
BRDA:276,12,0,0
BRDA:276,12,1,0
BRDA:277,13,0,0
BRDA:277,13,1,0
BRDA:278,14,0,0
BRDA:278,14,1,0
BRDA:279,15,0,0
BRDA:279,15,1,0
BRDA:280,16,0,0
BRDA:280,16,1,0
BRDA:281,17,0,0
BRDA:281,17,1,0
BRDA:287,18,0,0
BRDA:287,18,1,0
BRDA:288,19,0,0
BRDA:288,19,1,0
BRDA:289,20,0,0
BRDA:289,20,1,0
BRF:42
BRH:0
end_of_record
TN:
SF:resume-ai-engine.js
FN:3,(anonymous_0)
FN:13,(anonymous_1)
FN:37,(anonymous_2)
FN:46,(anonymous_3)
FN:69,(anonymous_4)
FN:87,(anonymous_5)
FN:90,(anonymous_6)
FN:119,(anonymous_7)
FN:129,(anonymous_8)
FN:130,(anonymous_9)
FN:137,(anonymous_10)
FN:138,(anonymous_11)
FN:145,(anonymous_12)
FN:146,(anonymous_13)
FN:154,(anonymous_14)
FN:155,(anonymous_15)
FN:162,(anonymous_16)
FN:164,(anonymous_17)
FN:172,(anonymous_18)
FN:177,(anonymous_19)
FN:185,(anonymous_20)
FN:219,(anonymous_21)
FN:251,(anonymous_22)
FN:285,(anonymous_23)
FNF:24
FNH:0
FNDA:0,(anonymous_0)
FNDA:0,(anonymous_1)
FNDA:0,(anonymous_2)
FNDA:0,(anonymous_3)
FNDA:0,(anonymous_4)
FNDA:0,(anonymous_5)
FNDA:0,(anonymous_6)
FNDA:0,(anonymous_7)
FNDA:0,(anonymous_8)
FNDA:0,(anonymous_9)
FNDA:0,(anonymous_10)
FNDA:0,(anonymous_11)
FNDA:0,(anonymous_12)
FNDA:0,(anonymous_13)
FNDA:0,(anonymous_14)
FNDA:0,(anonymous_15)
FNDA:0,(anonymous_16)
FNDA:0,(anonymous_17)
FNDA:0,(anonymous_18)
FNDA:0,(anonymous_19)
FNDA:0,(anonymous_20)
FNDA:0,(anonymous_21)
FNDA:0,(anonymous_22)
FNDA:0,(anonymous_23)
DA:4,0
DA:14,0
DA:22,0
DA:25,0
DA:26,0
DA:27,0
DA:28,0
DA:29,0
DA:30,0
DA:32,0
DA:36,0
DA:37,0
DA:38,0
DA:39,0
DA:43,0
DA:47,0
DA:48,0
DA:49,0
DA:52,0
DA:55,0
DA:56,0
DA:60,0
DA:63,0
DA:66,0
DA:70,0
DA:73,0
DA:74,0
DA:75,0
DA:79,0
DA:80,0
DA:81,0
DA:84,0
DA:88,0
DA:90,0
DA:91,0
DA:92,0
DA:93,0
DA:96,0
DA:97,0
DA:98,0
DA:99,0
DA:100,0
DA:101,0
DA:102,0
DA:103,0
DA:107,0
DA:109,0
DA:119,0
DA:126,0
DA:130,0
DA:131,0
DA:132,0
DA:133,0
DA:138,0
DA:139,0
DA:140,0
DA:141,0
DA:146,0
DA:147,0
DA:148,0
DA:149,0
DA:150,0
DA:155,0
DA:156,0
DA:157,0
DA:158,0
DA:163,0
DA:164,0
DA:165,0
DA:166,0
DA:169,0
DA:174,0
DA:177,0
DA:178,0
DA:179,0
DA:182,0
DA:186,0
DA:189,0
DA:190,0
DA:197,0
DA:203,0
DA:209,0
DA:210,0
DA:216,0
DA:220,0
DA:222,0
DA:251,0
DA:286,0
DA:302,0
DA:303,0
DA:304,0
DA:305,0
DA:306,0
DA:307,0
DA:308,0
DA:309,0
DA:312,0
DA:317,0
LF:98
LH:0
BRDA:25,0,0,0
BRDA:25,0,1,0
BRDA:25,1,0,0
BRDA:25,1,1,0
BRDA:25,1,2,0
BRDA:27,2,0,0
BRDA:27,2,1,0
BRDA:27,3,0,0
BRDA:27,3,1,0
BRDA:27,3,2,0
BRDA:29,4,0,0
BRDA:29,4,1,0
BRDA:29,5,0,0
BRDA:29,5,1,0
BRDA:38,6,0,0
BRDA:38,6,1,0
BRDA:38,7,0,0
BRDA:38,7,1,0
BRDA:52,8,0,0
BRDA:52,8,1,0
BRDA:55,9,0,0
BRDA:55,9,1,0
BRDA:73,10,0,0
BRDA:73,10,1,0
BRDA:79,11,0,0
BRDA:79,11,1,0
BRDA:91,12,0,0
BRDA:91,12,1,0
BRDA:96,13,0,0
BRDA:96,13,1,0
BRDA:98,14,0,0
BRDA:98,14,1,0
BRDA:100,15,0,0
BRDA:100,15,1,0
BRDA:102,16,0,0
BRDA:102,16,1,0
BRDA:165,17,0,0
BRDA:165,17,1,0
BRDA:189,18,0,0
BRDA:189,18,1,0
BRDA:189,19,0,0
BRDA:189,19,1,0
BRDA:209,20,0,0
BRDA:209,20,1,0
BRDA:209,21,0,0
BRDA:209,21,1,0
BRDA:302,22,0,0
BRDA:302,22,1,0
BRDA:305,23,0,0
BRDA:305,23,1,0
BRF:50
BRH:0
end_of_record
TN:
SF:resume-generator.js
FN:3,(anonymous_0)
FN:88,(anonymous_1)
FN:93,(anonymous_2)
FN:95,(anonymous_3)
FN:96,(anonymous_4)
FN:100,(anonymous_5)
FN:101,(anonymous_6)
FN:105,(anonymous_7)
FN:115,(anonymous_8)
FN:119,(anonymous_9)
FN:126,(anonymous_10)
FN:130,(anonymous_11)
FN:140,(anonymous_12)
FN:147,(anonymous_13)
FN:163,(anonymous_14)
FN:182,(anonymous_15)
FN:184,(anonymous_16)
FN:195,(anonymous_17)
FN:205,(anonymous_18)
FN:210,(anonymous_19)
FN:217,(anonymous_20)
FN:224,(anonymous_21)
FN:239,(anonymous_22)
FN:247,(anonymous_23)
FN:257,(anonymous_24)
FN:268,(anonymous_25)
FN:278,(anonymous_26)
FN:287,(anonymous_27)
FN:306,(anonymous_28)
FN:344,(anonymous_29)
FN:397,(anonymous_30)
FN:401,(anonymous_31)
FN:405,(anonymous_32)
FN:435,(anonymous_33)
FNF:34
FNH:0
FNDA:0,(anonymous_0)
FNDA:0,(anonymous_1)
FNDA:0,(anonymous_2)
FNDA:0,(anonymous_3)
FNDA:0,(anonymous_4)
FNDA:0,(anonymous_5)
FNDA:0,(anonymous_6)
FNDA:0,(anonymous_7)
FNDA:0,(anonymous_8)
FNDA:0,(anonymous_9)
FNDA:0,(anonymous_10)
FNDA:0,(anonymous_11)
FNDA:0,(anonymous_12)
FNDA:0,(anonymous_13)
FNDA:0,(anonymous_14)
FNDA:0,(anonymous_15)
FNDA:0,(anonymous_16)
FNDA:0,(anonymous_17)
FNDA:0,(anonymous_18)
FNDA:0,(anonymous_19)
FNDA:0,(anonymous_20)
FNDA:0,(anonymous_21)
FNDA:0,(anonymous_22)
FNDA:0,(anonymous_23)
FNDA:0,(anonymous_24)
FNDA:0,(anonymous_25)
FNDA:0,(anonymous_26)
FNDA:0,(anonymous_27)
FNDA:0,(anonymous_28)
FNDA:0,(anonymous_29)
FNDA:0,(anonymous_30)
FNDA:0,(anonymous_31)
FNDA:0,(anonymous_32)
FNDA:0,(anonymous_33)
DA:4,0
DA:5,0
DA:6,0
DA:20,0
DA:85,0
DA:89,0
DA:90,0
DA:95,0
DA:96,0
DA:100,0
DA:101,0
DA:106,0
DA:107,0
DA:108,0
DA:110,0
DA:111,0
DA:112,0
DA:115,0
DA:120,0
DA:121,0
DA:122,0
DA:123,0
DA:126,0
DA:131,0
DA:132,0
DA:133,0
DA:134,0
DA:135,0
DA:141,0
DA:142,0
DA:143,0
DA:148,0
DA:150,0
DA:151,0
DA:152,0
DA:154,0
DA:155,0
DA:156,0
DA:160,0
DA:164,0
DA:165,0
DA:166,0
DA:167,0
DA:168,0
DA:169,0
DA:170,0
DA:171,0
DA:172,0
DA:173,0
DA:174,0
DA:177,0
DA:178,0
DA:184,0
DA:185,0
DA:189,0
DA:192,0
DA:195,0
DA:196,0
DA:197,0
DA:198,0
DA:200,0
DA:206,0
DA:207,0
DA:211,0
DA:212,0
DA:214,0
DA:217,0
DA:226,0
DA:227,0
DA:230,0
DA:238,0
DA:239,0
DA:240,0
DA:241,0
DA:242,0
DA:247,0
DA:248,0
DA:249,0
DA:252,0
DA:253,0
DA:258,0
DA:261,0
DA:262,0
DA:265,0
DA:269,0
DA:270,0
DA:271,0
DA:272,0
DA:275,0
DA:276,0
DA:277,0
DA:278,0
DA:279,0
DA:280,0
DA:281,0
DA:284,0
DA:288,0
DA:289,0
DA:291,0
DA:293,0
DA:294,0
DA:295,0
DA:296,0
DA:297,0
DA:301,0
DA:307,0
DA:310,0
DA:311,0
DA:318,0
DA:319,0
DA:320,0
DA:321,0
DA:322,0
DA:325,0
DA:326,0
DA:329,0
DA:330,0
DA:331,0
DA:332,0
DA:333,0
DA:337,0
DA:340,0
DA:341,0
DA:342,0
DA:345,0
DA:346,0
DA:347,0
DA:348,0
DA:349,0
DA:353,0
DA:355,0
DA:382,0
DA:387,0
DA:388,0
DA:389,0
DA:392,0
DA:393,0
DA:394,0
DA:397,0
DA:402,0
DA:406,0
DA:407,0
DA:422,0
DA:423,0
DA:424,0
DA:425,0
DA:428,0
DA:429,0
DA:430,0
DA:435,0
DA:436,0
LF:151
LH:0
BRDA:110,0,0,0
BRDA:110,0,1,0
BRDA:111,1,0,0
BRDA:111,1,1,0
BRDA:121,2,0,0
BRDA:121,2,1,0
BRDA:122,3,0,0
BRDA:122,3,1,0
BRDA:131,4,0,0
BRDA:131,4,1,0
BRDA:133,5,0,0
BRDA:133,5,1,0
BRDA:141,6,0,0
BRDA:141,6,1,0
BRDA:150,7,0,0
BRDA:150,7,1,0
BRDA:154,8,0,0
BRDA:154,8,1,0
BRDA:154,9,0,0
BRDA:154,9,1,0
BRDA:164,10,0,0
BRDA:164,10,1,0
BRDA:169,11,0,0
BRDA:169,11,1,0
BRDA:177,12,0,0
BRDA:177,12,1,0
BRDA:197,13,0,0
BRDA:197,13,1,0
BRDA:212,14,0,0
BRDA:212,14,1,0
BRDA:216,15,0,0
BRDA:216,15,1,0
BRDA:240,16,0,0
BRDA:240,16,1,0
BRDA:291,17,0,0
BRDA:291,17,1,0
BRDA:294,18,0,0
BRDA:294,18,1,0
BRDA:340,19,0,0
BRDA:340,19,1,0
BRDA:347,20,0,0
BRDA:347,20,1,0
BRDA:353,21,0,0
BRDA:353,21,1,0
BRF:44
BRH:0
end_of_record
